{"c:\\Users\\Leo\\Desktop\\Portfolio\\ecblivedrop\\shared\\dist\\js\\require\\jquery.magnific-popup.min.js":{"path":"c:\\Users\\Leo\\Desktop\\Portfolio\\ecblivedrop\\shared\\dist\\js\\require\\jquery.magnific-popup.min.js","statementMap":{"0":{"start":{"line":3,"column":0},"end":{"line":3,"column":20719}},"1":{"start":{"line":3,"column":33},"end":{"line":3,"column":40}},"2":{"start":{"line":3,"column":43},"end":{"line":3,"column":56}},"3":{"start":{"line":3,"column":59},"end":{"line":3,"column":71}},"4":{"start":{"line":3,"column":74},"end":{"line":3,"column":88}},"5":{"start":{"line":3,"column":91},"end":{"line":3,"column":104}},"6":{"start":{"line":3,"column":107},"end":{"line":3,"column":113}},"7":{"start":{"line":3,"column":116},"end":{"line":3,"column":124}},"8":{"start":{"line":3,"column":127},"end":{"line":3,"column":132}},"9":{"start":{"line":3,"column":135},"end":{"line":3,"column":140}},"10":{"start":{"line":3,"column":143},"end":{"line":3,"column":154}},"11":{"start":{"line":3,"column":157},"end":{"line":3,"column":171}},"12":{"start":{"line":3,"column":174},"end":{"line":3,"column":193}},"13":{"start":{"line":3,"column":196},"end":{"line":3,"column":208}},"14":{"start":{"line":3,"column":211},"end":{"line":3,"column":226}},"15":{"start":{"line":3,"column":229},"end":{"line":3,"column":238}},"16":{"start":{"line":3,"column":241},"end":{"line":3,"column":272}},"17":{"start":{"line":3,"column":255},"end":{"line":3,"column":271}},"18":{"start":{"line":3,"column":275},"end":{"line":3,"column":426}},"19":{"start":{"line":3,"column":299},"end":{"line":3,"column":328}},"20":{"start":{"line":3,"column":329},"end":{"line":3,"column":425}},"21":{"start":{"line":3,"column":429},"end":{"line":3,"column":592}},"22":{"start":{"line":3,"column":443},"end":{"line":3,"column":591}},"23":{"start":{"line":3,"column":595},"end":{"line":3,"column":751}},"24":{"start":{"line":3,"column":607},"end":{"line":3,"column":750}},"25":{"start":{"line":3,"column":754},"end":{"line":3,"column":837}},"26":{"start":{"line":3,"column":765},"end":{"line":3,"column":836}},"27":{"start":{"line":3,"column":840},"end":{"line":3,"column":1014}},"28":{"start":{"line":3,"column":857},"end":{"line":3,"column":890}},"29":{"start":{"line":3,"column":893},"end":{"line":3,"column":918}},"30":{"start":{"line":3,"column":919},"end":{"line":3,"column":953}},"31":{"start":{"line":3,"column":944},"end":{"line":3,"column":953}},"32":{"start":{"line":3,"column":953},"end":{"line":3,"column":1005}},"33":{"start":{"line":3,"column":968},"end":{"line":3,"column":1005}},"34":{"start":{"line":3,"column":996},"end":{"line":3,"column":1005}},"35":{"start":{"line":3,"column":1005},"end":{"line":3,"column":1013}},"36":{"start":{"line":3,"column":1015},"end":{"line":3,"column":9878}},"37":{"start":{"line":3,"column":1064},"end":{"line":3,"column":1084}},"38":{"start":{"line":3,"column":1085},"end":{"line":3,"column":1466}},"39":{"start":{"line":3,"column":1491},"end":{"line":3,"column":1714}},"40":{"start":{"line":3,"column":1508},"end":{"line":3,"column":1544}},"41":{"start":{"line":3,"column":1552},"end":{"line":3,"column":1559}},"42":{"start":{"line":3,"column":1560},"end":{"line":3,"column":1644}},"43":{"start":{"line":3,"column":1583},"end":{"line":3,"column":1644}},"44":{"start":{"line":3,"column":1628},"end":{"line":3,"column":1638}},"45":{"start":{"line":3,"column":1638},"end":{"line":3,"column":1643}},"46":{"start":{"line":3,"column":1650},"end":{"line":3,"column":1714}},"47":{"start":{"line":3,"column":1714},"end":{"line":3,"column":1757}},"48":{"start":{"line":3,"column":1726},"end":{"line":3,"column":1757}},"49":{"start":{"line":3,"column":1757},"end":{"line":3,"column":2490}},"50":{"start":{"line":3,"column":2239},"end":{"line":3,"column":2248}},"51":{"start":{"line":3,"column":2313},"end":{"line":3,"column":2349}},"52":{"start":{"line":3,"column":2496},"end":{"line":3,"column":2519}},"53":{"start":{"line":3,"column":2520},"end":{"line":3,"column":2614}},"54":{"start":{"line":3,"column":2550},"end":{"line":3,"column":2554}},"55":{"start":{"line":3,"column":2555},"end":{"line":3,"column":2613}},"56":{"start":{"line":3,"column":2614},"end":{"line":3,"column":3278}},"57":{"start":{"line":3,"column":2693},"end":{"line":3,"column":2722}},"58":{"start":{"line":3,"column":3134},"end":{"line":3,"column":3159}},"59":{"start":{"line":3,"column":3189},"end":{"line":3,"column":3203}},"60":{"start":{"line":3,"column":3284},"end":{"line":3,"column":3299}},"61":{"start":{"line":3,"column":3302},"end":{"line":3,"column":3304}},"62":{"start":{"line":3,"column":3305},"end":{"line":3,"column":3396}},"63":{"start":{"line":3,"column":3353},"end":{"line":3,"column":3374}},"64":{"start":{"line":3,"column":3375},"end":{"line":3,"column":3395}},"65":{"start":{"line":3,"column":3396},"end":{"line":3,"column":3486}},"66":{"start":{"line":3,"column":3492},"end":{"line":3,"column":3506}},"67":{"start":{"line":3,"column":3507},"end":{"line":3,"column":3868}},"68":{"start":{"line":3,"column":3728},"end":{"line":3,"column":3828}},"69":{"start":{"line":3,"column":3887},"end":{"line":3,"column":4053}},"70":{"start":{"line":3,"column":4010},"end":{"line":3,"column":4020}},"71":{"start":{"line":3,"column":4073},"end":{"line":3,"column":4078}},"72":{"start":{"line":3,"column":4084},"end":{"line":3,"column":4095}},"73":{"start":{"line":3,"column":4096},"end":{"line":3,"column":4337}},"74":{"start":{"line":3,"column":4246},"end":{"line":3,"column":4262}},"75":{"start":{"line":3,"column":4263},"end":{"line":3,"column":4336}},"76":{"start":{"line":3,"column":4337},"end":{"line":3,"column":4761}},"77":{"start":{"line":3,"column":4786},"end":{"line":3,"column":4936}},"78":{"start":{"line":3,"column":4804},"end":{"line":3,"column":4858}},"79":{"start":{"line":3,"column":4861},"end":{"line":3,"column":4881}},"80":{"start":{"line":3,"column":4882},"end":{"line":3,"column":4911}},"81":{"start":{"line":3,"column":4917},"end":{"line":3,"column":4936}},"82":{"start":{"line":3,"column":4936},"end":{"line":3,"column":4992}},"83":{"start":{"line":3,"column":5026},"end":{"line":3,"column":5042}},"84":{"start":{"line":3,"column":5043},"end":{"line":3,"column":5134}},"85":{"start":{"line":3,"column":5140},"end":{"line":3,"column":5146}},"86":{"start":{"line":3,"column":5147},"end":{"line":3,"column":5318}},"87":{"start":{"line":3,"column":5241},"end":{"line":3,"column":5266}},"88":{"start":{"line":3,"column":5267},"end":{"line":3,"column":5317}},"89":{"start":{"line":3,"column":5318},"end":{"line":3,"column":5377}},"90":{"start":{"line":3,"column":5383},"end":{"line":3,"column":5449}},"91":{"start":{"line":3,"column":5450},"end":{"line":3,"column":5558}},"92":{"start":{"line":3,"column":5588},"end":{"line":3,"column":5831}},"93":{"start":{"line":3,"column":5859},"end":{"line":3,"column":5869}},"94":{"start":{"line":3,"column":5872},"end":{"line":3,"column":5878}},"95":{"start":{"line":3,"column":5879},"end":{"line":3,"column":6075}},"96":{"start":{"line":3,"column":5929},"end":{"line":3,"column":6010}},"97":{"start":{"line":3,"column":5966},"end":{"line":3,"column":6010}},"98":{"start":{"line":3,"column":5997},"end":{"line":3,"column":6004}},"99":{"start":{"line":3,"column":6004},"end":{"line":3,"column":6009}},"100":{"start":{"line":3,"column":6010},"end":{"line":3,"column":6074}},"101":{"start":{"line":3,"column":6075},"end":{"line":3,"column":6177}},"102":{"start":{"line":3,"column":6208},"end":{"line":3,"column":6253}},"103":{"start":{"line":3,"column":6220},"end":{"line":3,"column":6252}},"104":{"start":{"line":3,"column":6254},"end":{"line":3,"column":6264}},"105":{"start":{"line":3,"column":6270},"end":{"line":3,"column":6291}},"106":{"start":{"line":3,"column":6292},"end":{"line":3,"column":6421}},"107":{"start":{"line":3,"column":6450},"end":{"line":3,"column":6835}},"108":{"start":{"line":3,"column":6564},"end":{"line":3,"column":6631}},"109":{"start":{"line":3,"column":6632},"end":{"line":3,"column":6709}},"110":{"start":{"line":3,"column":6637},"end":{"line":3,"column":6709}},"111":{"start":{"line":3,"column":6657},"end":{"line":3,"column":6679}},"112":{"start":{"line":3,"column":6671},"end":{"line":3,"column":6679}},"113":{"start":{"line":3,"column":6685},"end":{"line":3,"column":6709}},"114":{"start":{"line":3,"column":6700},"end":{"line":3,"column":6709}},"115":{"start":{"line":3,"column":6709},"end":{"line":3,"column":6834}},"116":{"start":{"line":3,"column":6864},"end":{"line":3,"column":7156}},"117":{"start":{"line":3,"column":6880},"end":{"line":3,"column":6959}},"118":{"start":{"line":3,"column":6965},"end":{"line":3,"column":6982}},"119":{"start":{"line":3,"column":6983},"end":{"line":3,"column":7155}},"120":{"start":{"line":3,"column":7088},"end":{"line":3,"column":7116}},"121":{"start":{"line":3,"column":7184},"end":{"line":3,"column":7475}},"122":{"start":{"line":3,"column":7212},"end":{"line":3,"column":7236}},"123":{"start":{"line":3,"column":7239},"end":{"line":3,"column":7258}},"124":{"start":{"line":3,"column":7259},"end":{"line":3,"column":7276}},"125":{"start":{"line":3,"column":7267},"end":{"line":3,"column":7276}},"126":{"start":{"line":3,"column":7276},"end":{"line":3,"column":7360}},"127":{"start":{"line":3,"column":7351},"end":{"line":3,"column":7360}},"128":{"start":{"line":3,"column":7360},"end":{"line":3,"column":7466}},"129":{"start":{"line":3,"column":7409},"end":{"line":3,"column":7422}},"130":{"start":{"line":3,"column":7414},"end":{"line":3,"column":7422}},"131":{"start":{"line":3,"column":7428},"end":{"line":3,"column":7466}},"132":{"start":{"line":3,"column":7457},"end":{"line":3,"column":7466}},"133":{"start":{"line":3,"column":7466},"end":{"line":3,"column":7474}},"134":{"start":{"line":3,"column":7504},"end":{"line":3,"column":7546}},"135":{"start":{"line":3,"column":7580},"end":{"line":3,"column":7631}},"136":{"start":{"line":3,"column":7659},"end":{"line":3,"column":7728}},"137":{"start":{"line":3,"column":7751},"end":{"line":3,"column":7811}},"138":{"start":{"line":3,"column":7836},"end":{"line":3,"column":7916}},"139":{"start":{"line":3,"column":7893},"end":{"line":3,"column":7916}},"140":{"start":{"line":3,"column":7953},"end":{"line":3,"column":8329}},"141":{"start":{"line":3,"column":8020},"end":{"line":3,"column":8051}},"142":{"start":{"line":3,"column":8042},"end":{"line":3,"column":8051}},"143":{"start":{"line":3,"column":8051},"end":{"line":3,"column":8327}},"144":{"start":{"line":3,"column":8087},"end":{"line":3,"column":8105}},"145":{"start":{"line":3,"column":8106},"end":{"line":3,"column":8298}},"146":{"start":{"line":3,"column":8127},"end":{"line":3,"column":8131}},"147":{"start":{"line":3,"column":8132},"end":{"line":3,"column":8297}},"148":{"start":{"line":3,"column":8304},"end":{"line":3,"column":8327}},"149":{"start":{"line":3,"column":8360},"end":{"line":3,"column":8639}},"150":{"start":{"line":3,"column":8395},"end":{"line":3,"column":8424}},"151":{"start":{"line":3,"column":8425},"end":{"line":3,"column":8638}},"152":{"start":{"line":3,"column":8639},"end":{"line":3,"column":8661}},"153":{"start":{"line":3,"column":8743},"end":{"line":3,"column":8824}},"154":{"start":{"line":3,"column":8843},"end":{"line":3,"column":8908}},"155":{"start":{"line":3,"column":8939},"end":{"line":3,"column":9039}},"156":{"start":{"line":3,"column":9470},"end":{"line":3,"column":9474}},"157":{"start":{"line":3,"column":9480},"end":{"line":3,"column":9487}},"158":{"start":{"line":3,"column":9488},"end":{"line":3,"column":9868}},"159":{"start":{"line":3,"column":9510},"end":{"line":3,"column":9778}},"160":{"start":{"line":3,"column":9533},"end":{"line":3,"column":9577}},"161":{"start":{"line":3,"column":9580},"end":{"line":3,"column":9608}},"162":{"start":{"line":3,"column":9609},"end":{"line":3,"column":9708}},"163":{"start":{"line":3,"column":9714},"end":{"line":3,"column":9778}},"164":{"start":{"line":3,"column":9783},"end":{"line":3,"column":9868}},"165":{"start":{"line":3,"column":9868},"end":{"line":3,"column":9876}},"166":{"start":{"line":3,"column":9890},"end":{"line":3,"column":9898}},"167":{"start":{"line":3,"column":9901},"end":{"line":3,"column":9956}},"168":{"start":{"line":3,"column":9912},"end":{"line":3,"column":9955}},"169":{"start":{"line":3,"column":9957},"end":{"line":3,"column":10492}},"170":{"start":{"line":3,"column":10089},"end":{"line":3,"column":10131}},"171":{"start":{"line":3,"column":10126},"end":{"line":3,"column":10129}},"172":{"start":{"line":3,"column":10157},"end":{"line":3,"column":10432}},"173":{"start":{"line":3,"column":10177},"end":{"line":3,"column":10188}},"174":{"start":{"line":3,"column":10191},"end":{"line":3,"column":10199}},"175":{"start":{"line":3,"column":10200},"end":{"line":3,"column":10405}},"176":{"start":{"line":3,"column":10219},"end":{"line":3,"column":10234}},"177":{"start":{"line":3,"column":10235},"end":{"line":3,"column":10350}},"178":{"start":{"line":3,"column":10356},"end":{"line":3,"column":10405}},"179":{"start":{"line":3,"column":10405},"end":{"line":3,"column":10431}},"180":{"start":{"line":3,"column":10432},"end":{"line":3,"column":10487}},"181":{"start":{"line":3,"column":10500},"end":{"line":3,"column":10506}},"182":{"start":{"line":3,"column":10509},"end":{"line":3,"column":10540}},"183":{"start":{"line":3,"column":10520},"end":{"line":3,"column":10539}},"184":{"start":{"line":3,"column":10543},"end":{"line":3,"column":10579}},"185":{"start":{"line":3,"column":10554},"end":{"line":3,"column":10578}},"186":{"start":{"line":3,"column":10580},"end":{"line":3,"column":11289}},"187":{"start":{"line":3,"column":10749},"end":{"line":3,"column":10819}},"188":{"start":{"line":3,"column":10841},"end":{"line":3,"column":10884}},"189":{"start":{"line":3,"column":10890},"end":{"line":3,"column":11258}},"190":{"start":{"line":3,"column":10940},"end":{"line":3,"column":10954}},"191":{"start":{"line":3,"column":10955},"end":{"line":3,"column":11124}},"192":{"start":{"line":3,"column":11055},"end":{"line":3,"column":11073}},"193":{"start":{"line":3,"column":11143},"end":{"line":3,"column":11236}},"194":{"start":{"line":3,"column":11259},"end":{"line":3,"column":11284}},"195":{"start":{"line":3,"column":11297},"end":{"line":3,"column":11473}},"196":{"start":{"line":3,"column":11309},"end":{"line":3,"column":11362}},"197":{"start":{"line":3,"column":11342},"end":{"line":3,"column":11362}},"198":{"start":{"line":3,"column":11368},"end":{"line":3,"column":11387}},"199":{"start":{"line":3,"column":11388},"end":{"line":3,"column":11464}},"200":{"start":{"line":3,"column":11394},"end":{"line":3,"column":11432}},"201":{"start":{"line":3,"column":11413},"end":{"line":3,"column":11432}},"202":{"start":{"line":3,"column":11432},"end":{"line":3,"column":11463}},"203":{"start":{"line":3,"column":11440},"end":{"line":3,"column":11463}},"204":{"start":{"line":3,"column":11464},"end":{"line":3,"column":11472}},"205":{"start":{"line":3,"column":11474},"end":{"line":3,"column":13862}},"206":{"start":{"line":3,"column":11908},"end":{"line":3,"column":11918}},"207":{"start":{"line":3,"column":11921},"end":{"line":3,"column":11929}},"208":{"start":{"line":3,"column":11930},"end":{"line":3,"column":12169}},"209":{"start":{"line":3,"column":11969},"end":{"line":3,"column":12026}},"210":{"start":{"line":3,"column":12046},"end":{"line":3,"column":12097}},"211":{"start":{"line":3,"column":12200},"end":{"line":3,"column":12210}},"212":{"start":{"line":3,"column":12211},"end":{"line":3,"column":12381}},"213":{"start":{"line":3,"column":12254},"end":{"line":3,"column":12255}},"214":{"start":{"line":3,"column":12256},"end":{"line":3,"column":12380}},"215":{"start":{"line":3,"column":12411},"end":{"line":3,"column":12573}},"216":{"start":{"line":3,"column":12607},"end":{"line":3,"column":12608}},"217":{"start":{"line":3,"column":12611},"end":{"line":3,"column":12619}},"218":{"start":{"line":3,"column":12622},"end":{"line":3,"column":12805}},"219":{"start":{"line":3,"column":12634},"end":{"line":3,"column":12804}},"220":{"start":{"line":3,"column":12679},"end":{"line":3,"column":12732}},"221":{"start":{"line":3,"column":12699},"end":{"line":3,"column":12732}},"222":{"start":{"line":3,"column":12732},"end":{"line":3,"column":12800}},"223":{"start":{"line":3,"column":12806},"end":{"line":3,"column":12810}},"224":{"start":{"line":3,"column":12841},"end":{"line":3,"column":12842}},"225":{"start":{"line":3,"column":12845},"end":{"line":3,"column":13050}},"226":{"start":{"line":3,"column":12856},"end":{"line":3,"column":13049}},"227":{"start":{"line":3,"column":13053},"end":{"line":3,"column":13228}},"228":{"start":{"line":3,"column":13064},"end":{"line":3,"column":13227}},"229":{"start":{"line":3,"column":13231},"end":{"line":3,"column":13241}},"230":{"start":{"line":3,"column":13244},"end":{"line":3,"column":13262}},"231":{"start":{"line":3,"column":13263},"end":{"line":3,"column":13479}},"232":{"start":{"line":3,"column":13282},"end":{"line":3,"column":13311}},"233":{"start":{"line":3,"column":13312},"end":{"line":3,"column":13478}},"234":{"start":{"line":3,"column":13479},"end":{"line":3,"column":13857}},"235":{"start":{"line":3,"column":13870},"end":{"line":3,"column":13962}},"236":{"start":{"line":3,"column":13881},"end":{"line":3,"column":13961}},"237":{"start":{"line":3,"column":13963},"end":{"line":3,"column":15774}},"238":{"start":{"line":3,"column":14075},"end":{"line":3,"column":14109}},"239":{"start":{"line":3,"column":14147},"end":{"line":3,"column":14156}},"240":{"start":{"line":3,"column":14159},"end":{"line":3,"column":14166}},"241":{"start":{"line":3,"column":14167},"end":{"line":3,"column":15244}},"242":{"start":{"line":3,"column":14213},"end":{"line":3,"column":14223}},"243":{"start":{"line":3,"column":14226},"end":{"line":3,"column":14528}},"244":{"start":{"line":3,"column":14244},"end":{"line":3,"column":14324}},"245":{"start":{"line":3,"column":14327},"end":{"line":3,"column":14362}},"246":{"start":{"line":3,"column":14365},"end":{"line":3,"column":14447}},"247":{"start":{"line":3,"column":14450},"end":{"line":3,"column":14462}},"248":{"start":{"line":3,"column":14463},"end":{"line":3,"column":14527}},"249":{"start":{"line":3,"column":14531},"end":{"line":3,"column":14580}},"250":{"start":{"line":3,"column":14542},"end":{"line":3,"column":14579}},"251":{"start":{"line":3,"column":14581},"end":{"line":3,"column":15243}},"252":{"start":{"line":3,"column":14612},"end":{"line":3,"column":14929}},"253":{"start":{"line":3,"column":14631},"end":{"line":3,"column":14727}},"254":{"start":{"line":3,"column":14711},"end":{"line":3,"column":14727}},"255":{"start":{"line":3,"column":14727},"end":{"line":3,"column":14928}},"256":{"start":{"line":3,"column":14797},"end":{"line":3,"column":14923}},"257":{"start":{"line":3,"column":14845},"end":{"line":3,"column":14919}},"258":{"start":{"line":3,"column":14871},"end":{"line":3,"column":14914}},"259":{"start":{"line":3,"column":14949},"end":{"line":3,"column":15179}},"260":{"start":{"line":3,"column":14968},"end":{"line":3,"column":15052}},"261":{"start":{"line":3,"column":15011},"end":{"line":3,"column":15045}},"262":{"start":{"line":3,"column":15038},"end":{"line":3,"column":15045}},"263":{"start":{"line":3,"column":15045},"end":{"line":3,"column":15051}},"264":{"start":{"line":3,"column":15052},"end":{"line":3,"column":15178}},"265":{"start":{"line":3,"column":15152},"end":{"line":3,"column":15173}},"266":{"start":{"line":3,"column":15199},"end":{"line":3,"column":15241}},"267":{"start":{"line":3,"column":15268},"end":{"line":3,"column":15299}},"268":{"start":{"line":3,"column":15327},"end":{"line":3,"column":15369}},"269":{"start":{"line":3,"column":15400},"end":{"line":3,"column":15463}},"270":{"start":{"line":3,"column":15469},"end":{"line":3,"column":15479}},"271":{"start":{"line":3,"column":15482},"end":{"line":3,"column":15515}},"272":{"start":{"line":3,"column":15518},"end":{"line":3,"column":15554}},"273":{"start":{"line":3,"column":15555},"end":{"line":3,"column":15586}},"274":{"start":{"line":3,"column":15592},"end":{"line":3,"column":15658}},"275":{"start":{"line":3,"column":15659},"end":{"line":3,"column":15769}},"276":{"start":{"line":3,"column":15780},"end":{"line":3,"column":15788}},"277":{"start":{"line":3,"column":15791},"end":{"line":3,"column":15806}},"278":{"start":{"line":3,"column":15809},"end":{"line":3,"column":15954}},"279":{"start":{"line":3,"column":15821},"end":{"line":3,"column":15953}},"280":{"start":{"line":3,"column":15849},"end":{"line":3,"column":15881}},"281":{"start":{"line":3,"column":15882},"end":{"line":3,"column":15952}},"282":{"start":{"line":3,"column":15955},"end":{"line":3,"column":16921}},"283":{"start":{"line":3,"column":16446},"end":{"line":3,"column":16555}},"284":{"start":{"line":3,"column":16495},"end":{"line":3,"column":16526}},"285":{"start":{"line":3,"column":16550},"end":{"line":3,"column":16553}},"286":{"start":{"line":3,"column":16587},"end":{"line":3,"column":16592}},"287":{"start":{"line":3,"column":16595},"end":{"line":3,"column":16606}},"288":{"start":{"line":3,"column":16607},"end":{"line":3,"column":16821}},"289":{"start":{"line":3,"column":16636},"end":{"line":3,"column":16818}},"290":{"start":{"line":3,"column":16664},"end":{"line":3,"column":16818}},"291":{"start":{"line":3,"column":16827},"end":{"line":3,"column":16829}},"292":{"start":{"line":3,"column":16830},"end":{"line":3,"column":16916}},"293":{"start":{"line":3,"column":16927},"end":{"line":3,"column":16987}},"294":{"start":{"line":3,"column":16945},"end":{"line":3,"column":16959}},"295":{"start":{"line":3,"column":16960},"end":{"line":3,"column":16986}},"296":{"start":{"line":3,"column":16990},"end":{"line":3,"column":17062}},"297":{"start":{"line":3,"column":17006},"end":{"line":3,"column":17061}},"298":{"start":{"line":3,"column":17063},"end":{"line":3,"column":19477}},"299":{"start":{"line":3,"column":17398},"end":{"line":3,"column":17410}},"300":{"start":{"line":3,"column":17413},"end":{"line":3,"column":17427}},"301":{"start":{"line":3,"column":17430},"end":{"line":3,"column":17456}},"302":{"start":{"line":3,"column":17457},"end":{"line":3,"column":17499}},"303":{"start":{"line":3,"column":17490},"end":{"line":3,"column":17499}},"304":{"start":{"line":3,"column":17499},"end":{"line":3,"column":18678}},"305":{"start":{"line":3,"column":17534},"end":{"line":3,"column":17718}},"306":{"start":{"line":3,"column":17598},"end":{"line":3,"column":17636}},"307":{"start":{"line":3,"column":17618},"end":{"line":3,"column":17636}},"308":{"start":{"line":3,"column":17668},"end":{"line":3,"column":17716}},"309":{"start":{"line":3,"column":17754},"end":{"line":3,"column":17812}},"310":{"start":{"line":3,"column":17845},"end":{"line":3,"column":17859}},"311":{"start":{"line":3,"column":17860},"end":{"line":3,"column":17900}},"312":{"start":{"line":3,"column":17934},"end":{"line":3,"column":18366}},"313":{"start":{"line":3,"column":17985},"end":{"line":3,"column":17998}},"314":{"start":{"line":3,"column":18001},"end":{"line":3,"column":18084}},"315":{"start":{"line":3,"column":18087},"end":{"line":3,"column":18172}},"316":{"start":{"line":3,"column":18175},"end":{"line":3,"column":18199}},"317":{"start":{"line":3,"column":18200},"end":{"line":3,"column":18365}},"318":{"start":{"line":3,"column":18216},"end":{"line":3,"column":18224}},"319":{"start":{"line":3,"column":18243},"end":{"line":3,"column":18251}},"320":{"start":{"line":3,"column":18386},"end":{"line":3,"column":18528}},"321":{"start":{"line":3,"column":18477},"end":{"line":3,"column":18523}},"322":{"start":{"line":3,"column":18548},"end":{"line":3,"column":18676}},"323":{"start":{"line":3,"column":18696},"end":{"line":3,"column":18750}},"324":{"start":{"line":3,"column":18768},"end":{"line":3,"column":18822}},"325":{"start":{"line":3,"column":18841},"end":{"line":3,"column":18892}},"326":{"start":{"line":3,"column":18933},"end":{"line":3,"column":18953}},"327":{"start":{"line":3,"column":18956},"end":{"line":3,"column":18985}},"328":{"start":{"line":3,"column":18988},"end":{"line":3,"column":19017}},"329":{"start":{"line":3,"column":19018},"end":{"line":3,"column":19077}},"330":{"start":{"line":3,"column":19051},"end":{"line":3,"column":19077}},"331":{"start":{"line":3,"column":19077},"end":{"line":3,"column":19135}},"332":{"start":{"line":3,"column":19110},"end":{"line":3,"column":19135}},"333":{"start":{"line":3,"column":19162},"end":{"line":3,"column":19472}},"334":{"start":{"line":3,"column":19201},"end":{"line":3,"column":19211}},"335":{"start":{"line":3,"column":19212},"end":{"line":3,"column":19471}},"336":{"start":{"line":3,"column":19340},"end":{"line":3,"column":19352}},"337":{"start":{"line":3,"column":19387},"end":{"line":3,"column":19435}},"338":{"start":{"line":3,"column":19483},"end":{"line":3,"column":19491}},"339":{"start":{"line":3,"column":19492},"end":{"line":3,"column":20688}},"340":{"start":{"line":3,"column":19558},"end":{"line":3,"column":19615}},"341":{"start":{"line":3,"column":19600},"end":{"line":3,"column":19613}},"342":{"start":{"line":3,"column":19655},"end":{"line":3,"column":19895}},"343":{"start":{"line":3,"column":19691},"end":{"line":3,"column":19702}},"344":{"start":{"line":3,"column":19705},"end":{"line":3,"column":19712}},"345":{"start":{"line":3,"column":19713},"end":{"line":3,"column":19894}},"346":{"start":{"line":3,"column":19770},"end":{"line":3,"column":19831}},"347":{"start":{"line":3,"column":19868},"end":{"line":3,"column":19891}},"348":{"start":{"line":3,"column":19917},"end":{"line":3,"column":19940}},"349":{"start":{"line":3,"column":19943},"end":{"line":3,"column":19989}},"350":{"start":{"line":3,"column":19954},"end":{"line":3,"column":19988}},"351":{"start":{"line":3,"column":19992},"end":{"line":3,"column":20006}},"352":{"start":{"line":3,"column":20009},"end":{"line":3,"column":20014}},"353":{"start":{"line":3,"column":20015},"end":{"line":3,"column":20681}},"354":{"start":{"line":3,"column":20045},"end":{"line":3,"column":20566}},"355":{"start":{"line":3,"column":20084},"end":{"line":3,"column":20091}},"356":{"start":{"line":3,"column":20092},"end":{"line":3,"column":20530}},"357":{"start":{"line":3,"column":20114},"end":{"line":3,"column":20529}},"358":{"start":{"line":3,"column":20146},"end":{"line":3,"column":20527}},"359":{"start":{"line":3,"column":20268},"end":{"line":3,"column":20402}},"360":{"start":{"line":3,"column":20433},"end":{"line":3,"column":20525}},"361":{"start":{"line":3,"column":20510},"end":{"line":3,"column":20514}},"362":{"start":{"line":3,"column":20530},"end":{"line":3,"column":20564}},"363":{"start":{"line":3,"column":20556},"end":{"line":3,"column":20562}},"364":{"start":{"line":3,"column":20604},"end":{"line":3,"column":20680}}},"fnMap":{"0":{"name":"(anonymous_0)","decl":{"start":{"line":3,"column":1},"end":{"line":3,"column":2}},"loc":{"start":{"line":3,"column":12},"end":{"line":3,"column":20689}},"line":3},"1":{"name":"(anonymous_1)","decl":{"start":{"line":3,"column":196},"end":{"line":3,"column":197}},"loc":{"start":{"line":3,"column":206},"end":{"line":3,"column":208}},"line":3},"2":{"name":"(anonymous_2)","decl":{"start":{"line":3,"column":241},"end":{"line":3,"column":242}},"loc":{"start":{"line":3,"column":254},"end":{"line":3,"column":272}},"line":3},"3":{"name":"(anonymous_3)","decl":{"start":{"line":3,"column":275},"end":{"line":3,"column":276}},"loc":{"start":{"line":3,"column":292},"end":{"line":3,"column":426}},"line":3},"4":{"name":"(anonymous_4)","decl":{"start":{"line":3,"column":429},"end":{"line":3,"column":430}},"loc":{"start":{"line":3,"column":442},"end":{"line":3,"column":592}},"line":3},"5":{"name":"(anonymous_5)","decl":{"start":{"line":3,"column":595},"end":{"line":3,"column":596}},"loc":{"start":{"line":3,"column":606},"end":{"line":3,"column":751}},"line":3},"6":{"name":"(anonymous_6)","decl":{"start":{"line":3,"column":754},"end":{"line":3,"column":755}},"loc":{"start":{"line":3,"column":764},"end":{"line":3,"column":837}},"line":3},"7":{"name":"(anonymous_7)","decl":{"start":{"line":3,"column":840},"end":{"line":3,"column":841}},"loc":{"start":{"line":3,"column":850},"end":{"line":3,"column":1014}},"line":3},"8":{"name":"(anonymous_8)","decl":{"start":{"line":3,"column":1047},"end":{"line":3,"column":1048}},"loc":{"start":{"line":3,"column":1057},"end":{"line":3,"column":1467}},"line":3},"9":{"name":"(anonymous_9)","decl":{"start":{"line":3,"column":1473},"end":{"line":3,"column":1474}},"loc":{"start":{"line":3,"column":1484},"end":{"line":3,"column":3869}},"line":3},"10":{"name":"(anonymous_10)","decl":{"start":{"line":3,"column":2228},"end":{"line":3,"column":2229}},"loc":{"start":{"line":3,"column":2238},"end":{"line":3,"column":2249}},"line":3},"11":{"name":"(anonymous_11)","decl":{"start":{"line":3,"column":2301},"end":{"line":3,"column":2302}},"loc":{"start":{"line":3,"column":2312},"end":{"line":3,"column":2350}},"line":3},"12":{"name":"(anonymous_12)","decl":{"start":{"line":3,"column":2675},"end":{"line":3,"column":2676}},"loc":{"start":{"line":3,"column":2692},"end":{"line":3,"column":2723}},"line":3},"13":{"name":"(anonymous_13)","decl":{"start":{"line":3,"column":3122},"end":{"line":3,"column":3123}},"loc":{"start":{"line":3,"column":3133},"end":{"line":3,"column":3160}},"line":3},"14":{"name":"(anonymous_14)","decl":{"start":{"line":3,"column":3178},"end":{"line":3,"column":3179}},"loc":{"start":{"line":3,"column":3188},"end":{"line":3,"column":3204}},"line":3},"15":{"name":"(anonymous_15)","decl":{"start":{"line":3,"column":3717},"end":{"line":3,"column":3718}},"loc":{"start":{"line":3,"column":3727},"end":{"line":3,"column":3829}},"line":3},"16":{"name":"(anonymous_16)","decl":{"start":{"line":3,"column":3876},"end":{"line":3,"column":3877}},"loc":{"start":{"line":3,"column":3886},"end":{"line":3,"column":4054}},"line":3},"17":{"name":"(anonymous_17)","decl":{"start":{"line":3,"column":3999},"end":{"line":3,"column":4000}},"loc":{"start":{"line":3,"column":4009},"end":{"line":3,"column":4021}},"line":3},"18":{"name":"(anonymous_18)","decl":{"start":{"line":3,"column":4062},"end":{"line":3,"column":4063}},"loc":{"start":{"line":3,"column":4072},"end":{"line":3,"column":4762}},"line":3},"19":{"name":"(anonymous_19)","decl":{"start":{"line":3,"column":4774},"end":{"line":3,"column":4775}},"loc":{"start":{"line":3,"column":4785},"end":{"line":3,"column":4993}},"line":3},"20":{"name":"(anonymous_20)","decl":{"start":{"line":3,"column":5009},"end":{"line":3,"column":5010}},"loc":{"start":{"line":3,"column":5019},"end":{"line":3,"column":5559}},"line":3},"21":{"name":"(anonymous_21)","decl":{"start":{"line":3,"column":5574},"end":{"line":3,"column":5575}},"loc":{"start":{"line":3,"column":5587},"end":{"line":3,"column":5832}},"line":3},"22":{"name":"(anonymous_22)","decl":{"start":{"line":3,"column":5841},"end":{"line":3,"column":5842}},"loc":{"start":{"line":3,"column":5852},"end":{"line":3,"column":6178}},"line":3},"23":{"name":"(anonymous_23)","decl":{"start":{"line":3,"column":6188},"end":{"line":3,"column":6189}},"loc":{"start":{"line":3,"column":6201},"end":{"line":3,"column":6422}},"line":3},"24":{"name":"(anonymous_24)","decl":{"start":{"line":3,"column":6208},"end":{"line":3,"column":6209}},"loc":{"start":{"line":3,"column":6219},"end":{"line":3,"column":6253}},"line":3},"25":{"name":"(anonymous_25)","decl":{"start":{"line":3,"column":6434},"end":{"line":3,"column":6435}},"loc":{"start":{"line":3,"column":6449},"end":{"line":3,"column":6836}},"line":3},"26":{"name":"(anonymous_26)","decl":{"start":{"line":3,"column":6850},"end":{"line":3,"column":6851}},"loc":{"start":{"line":3,"column":6863},"end":{"line":3,"column":7157}},"line":3},"27":{"name":"(anonymous_27)","decl":{"start":{"line":3,"column":7076},"end":{"line":3,"column":7077}},"loc":{"start":{"line":3,"column":7087},"end":{"line":3,"column":7117}},"line":3},"28":{"name":"(anonymous_28)","decl":{"start":{"line":3,"column":7172},"end":{"line":3,"column":7173}},"loc":{"start":{"line":3,"column":7183},"end":{"line":3,"column":7476}},"line":3},"29":{"name":"(anonymous_29)","decl":{"start":{"line":3,"column":7492},"end":{"line":3,"column":7493}},"loc":{"start":{"line":3,"column":7503},"end":{"line":3,"column":7547}},"line":3},"30":{"name":"(anonymous_30)","decl":{"start":{"line":3,"column":7568},"end":{"line":3,"column":7569}},"loc":{"start":{"line":3,"column":7579},"end":{"line":3,"column":7632}},"line":3},"31":{"name":"(anonymous_31)","decl":{"start":{"line":3,"column":7647},"end":{"line":3,"column":7648}},"loc":{"start":{"line":3,"column":7658},"end":{"line":3,"column":7729}},"line":3},"32":{"name":"(anonymous_32)","decl":{"start":{"line":3,"column":7740},"end":{"line":3,"column":7741}},"loc":{"start":{"line":3,"column":7750},"end":{"line":3,"column":7812}},"line":3},"33":{"name":"(anonymous_33)","decl":{"start":{"line":3,"column":7824},"end":{"line":3,"column":7825}},"loc":{"start":{"line":3,"column":7835},"end":{"line":3,"column":7917}},"line":3},"34":{"name":"(anonymous_34)","decl":{"start":{"line":3,"column":7931},"end":{"line":3,"column":7932}},"loc":{"start":{"line":3,"column":7946},"end":{"line":3,"column":8330}},"line":3},"35":{"name":"(anonymous_35)","decl":{"start":{"line":3,"column":8006},"end":{"line":3,"column":8007}},"loc":{"start":{"line":3,"column":8019},"end":{"line":3,"column":8328}},"line":3},"36":{"name":"(anonymous_36)","decl":{"start":{"line":3,"column":8349},"end":{"line":3,"column":8350}},"loc":{"start":{"line":3,"column":8359},"end":{"line":3,"column":8662}},"line":3},"37":{"name":"(anonymous_37)","decl":{"start":{"line":3,"column":8729},"end":{"line":3,"column":8730}},"loc":{"start":{"line":3,"column":8742},"end":{"line":3,"column":8825}},"line":3},"38":{"name":"(anonymous_38)","decl":{"start":{"line":3,"column":8832},"end":{"line":3,"column":8833}},"loc":{"start":{"line":3,"column":8842},"end":{"line":3,"column":8909}},"line":3},"39":{"name":"(anonymous_39)","decl":{"start":{"line":3,"column":8925},"end":{"line":3,"column":8926}},"loc":{"start":{"line":3,"column":8938},"end":{"line":3,"column":9040}},"line":3},"40":{"name":"(anonymous_40)","decl":{"start":{"line":3,"column":9458},"end":{"line":3,"column":9459}},"loc":{"start":{"line":3,"column":9469},"end":{"line":3,"column":9877}},"line":3},"41":{"name":"(anonymous_41)","decl":{"start":{"line":3,"column":9901},"end":{"line":3,"column":9902}},"loc":{"start":{"line":3,"column":9911},"end":{"line":3,"column":9956}},"line":3},"42":{"name":"(anonymous_42)","decl":{"start":{"line":3,"column":10078},"end":{"line":3,"column":10079}},"loc":{"start":{"line":3,"column":10088},"end":{"line":3,"column":10132}},"line":3},"43":{"name":"(anonymous_43)","decl":{"start":{"line":3,"column":10115},"end":{"line":3,"column":10116}},"loc":{"start":{"line":3,"column":10125},"end":{"line":3,"column":10130}},"line":3},"44":{"name":"(anonymous_44)","decl":{"start":{"line":3,"column":10143},"end":{"line":3,"column":10144}},"loc":{"start":{"line":3,"column":10156},"end":{"line":3,"column":10488}},"line":3},"45":{"name":"(anonymous_45)","decl":{"start":{"line":3,"column":10509},"end":{"line":3,"column":10510}},"loc":{"start":{"line":3,"column":10519},"end":{"line":3,"column":10540}},"line":3},"46":{"name":"(anonymous_46)","decl":{"start":{"line":3,"column":10543},"end":{"line":3,"column":10544}},"loc":{"start":{"line":3,"column":10553},"end":{"line":3,"column":10579}},"line":3},"47":{"name":"(anonymous_47)","decl":{"start":{"line":3,"column":10738},"end":{"line":3,"column":10739}},"loc":{"start":{"line":3,"column":10748},"end":{"line":3,"column":10820}},"line":3},"48":{"name":"(anonymous_48)","decl":{"start":{"line":3,"column":10829},"end":{"line":3,"column":10830}},"loc":{"start":{"line":3,"column":10840},"end":{"line":3,"column":11285}},"line":3},"49":{"name":"(anonymous_49)","decl":{"start":{"line":3,"column":10918},"end":{"line":3,"column":10919}},"loc":{"start":{"line":3,"column":10933},"end":{"line":3,"column":11125}},"line":3},"50":{"name":"(anonymous_50)","decl":{"start":{"line":3,"column":11044},"end":{"line":3,"column":11045}},"loc":{"start":{"line":3,"column":11054},"end":{"line":3,"column":11074}},"line":3},"51":{"name":"(anonymous_51)","decl":{"start":{"line":3,"column":11132},"end":{"line":3,"column":11133}},"loc":{"start":{"line":3,"column":11142},"end":{"line":3,"column":11237}},"line":3},"52":{"name":"(anonymous_52)","decl":{"start":{"line":3,"column":11297},"end":{"line":3,"column":11298}},"loc":{"start":{"line":3,"column":11308},"end":{"line":3,"column":11473}},"line":3},"53":{"name":"(anonymous_53)","decl":{"start":{"line":3,"column":11891},"end":{"line":3,"column":11892}},"loc":{"start":{"line":3,"column":11901},"end":{"line":3,"column":12170}},"line":3},"54":{"name":"(anonymous_54)","decl":{"start":{"line":3,"column":11958},"end":{"line":3,"column":11959}},"loc":{"start":{"line":3,"column":11968},"end":{"line":3,"column":12027}},"line":3},"55":{"name":"(anonymous_55)","decl":{"start":{"line":3,"column":12035},"end":{"line":3,"column":12036}},"loc":{"start":{"line":3,"column":12045},"end":{"line":3,"column":12098}},"line":3},"56":{"name":"(anonymous_56)","decl":{"start":{"line":3,"column":12183},"end":{"line":3,"column":12184}},"loc":{"start":{"line":3,"column":12193},"end":{"line":3,"column":12382}},"line":3},"57":{"name":"(anonymous_57)","decl":{"start":{"line":3,"column":12399},"end":{"line":3,"column":12400}},"loc":{"start":{"line":3,"column":12410},"end":{"line":3,"column":12574}},"line":3},"58":{"name":"(anonymous_58)","decl":{"start":{"line":3,"column":12589},"end":{"line":3,"column":12590}},"loc":{"start":{"line":3,"column":12600},"end":{"line":3,"column":12811}},"line":3},"59":{"name":"(anonymous_59)","decl":{"start":{"line":3,"column":12622},"end":{"line":3,"column":12623}},"loc":{"start":{"line":3,"column":12633},"end":{"line":3,"column":12805}},"line":3},"60":{"name":"(anonymous_60)","decl":{"start":{"line":3,"column":12668},"end":{"line":3,"column":12669}},"loc":{"start":{"line":3,"column":12678},"end":{"line":3,"column":12801}},"line":3},"61":{"name":"(anonymous_61)","decl":{"start":{"line":3,"column":12821},"end":{"line":3,"column":12822}},"loc":{"start":{"line":3,"column":12834},"end":{"line":3,"column":13858}},"line":3},"62":{"name":"(anonymous_62)","decl":{"start":{"line":3,"column":12845},"end":{"line":3,"column":12846}},"loc":{"start":{"line":3,"column":12855},"end":{"line":3,"column":13050}},"line":3},"63":{"name":"(anonymous_63)","decl":{"start":{"line":3,"column":13053},"end":{"line":3,"column":13054}},"loc":{"start":{"line":3,"column":13063},"end":{"line":3,"column":13228}},"line":3},"64":{"name":"(anonymous_64)","decl":{"start":{"line":3,"column":13870},"end":{"line":3,"column":13871}},"loc":{"start":{"line":3,"column":13880},"end":{"line":3,"column":13962}},"line":3},"65":{"name":"(anonymous_65)","decl":{"start":{"line":3,"column":14063},"end":{"line":3,"column":14064}},"loc":{"start":{"line":3,"column":14074},"end":{"line":3,"column":14110}},"line":3},"66":{"name":"(anonymous_66)","decl":{"start":{"line":3,"column":14128},"end":{"line":3,"column":14129}},"loc":{"start":{"line":3,"column":14138},"end":{"line":3,"column":15245}},"line":3},"67":{"name":"(anonymous_67)","decl":{"start":{"line":3,"column":14226},"end":{"line":3,"column":14227}},"loc":{"start":{"line":3,"column":14237},"end":{"line":3,"column":14528}},"line":3},"68":{"name":"(anonymous_68)","decl":{"start":{"line":3,"column":14531},"end":{"line":3,"column":14532}},"loc":{"start":{"line":3,"column":14541},"end":{"line":3,"column":14580}},"line":3},"69":{"name":"(anonymous_69)","decl":{"start":{"line":3,"column":14601},"end":{"line":3,"column":14602}},"loc":{"start":{"line":3,"column":14611},"end":{"line":3,"column":14930}},"line":3},"70":{"name":"(anonymous_70)","decl":{"start":{"line":3,"column":14786},"end":{"line":3,"column":14787}},"loc":{"start":{"line":3,"column":14796},"end":{"line":3,"column":14924}},"line":3},"71":{"name":"(anonymous_71)","decl":{"start":{"line":3,"column":14834},"end":{"line":3,"column":14835}},"loc":{"start":{"line":3,"column":14844},"end":{"line":3,"column":14920}},"line":3},"72":{"name":"(anonymous_72)","decl":{"start":{"line":3,"column":14860},"end":{"line":3,"column":14861}},"loc":{"start":{"line":3,"column":14870},"end":{"line":3,"column":14915}},"line":3},"73":{"name":"(anonymous_73)","decl":{"start":{"line":3,"column":14938},"end":{"line":3,"column":14939}},"loc":{"start":{"line":3,"column":14948},"end":{"line":3,"column":15180}},"line":3},"74":{"name":"(anonymous_74)","decl":{"start":{"line":3,"column":15141},"end":{"line":3,"column":15142}},"loc":{"start":{"line":3,"column":15151},"end":{"line":3,"column":15174}},"line":3},"75":{"name":"(anonymous_75)","decl":{"start":{"line":3,"column":15188},"end":{"line":3,"column":15189}},"loc":{"start":{"line":3,"column":15198},"end":{"line":3,"column":15242}},"line":3},"76":{"name":"(anonymous_76)","decl":{"start":{"line":3,"column":15257},"end":{"line":3,"column":15258}},"loc":{"start":{"line":3,"column":15267},"end":{"line":3,"column":15300}},"line":3},"77":{"name":"(anonymous_77)","decl":{"start":{"line":3,"column":15316},"end":{"line":3,"column":15317}},"loc":{"start":{"line":3,"column":15326},"end":{"line":3,"column":15370}},"line":3},"78":{"name":"(anonymous_78)","decl":{"start":{"line":3,"column":15382},"end":{"line":3,"column":15383}},"loc":{"start":{"line":3,"column":15393},"end":{"line":3,"column":15770}},"line":3},"79":{"name":"(anonymous_79)","decl":{"start":{"line":3,"column":15809},"end":{"line":3,"column":15810}},"loc":{"start":{"line":3,"column":15820},"end":{"line":3,"column":15954}},"line":3},"80":{"name":"(anonymous_80)","decl":{"start":{"line":3,"column":16435},"end":{"line":3,"column":16436}},"loc":{"start":{"line":3,"column":16445},"end":{"line":3,"column":16556}},"line":3},"81":{"name":"(anonymous_81)","decl":{"start":{"line":3,"column":16479},"end":{"line":3,"column":16480}},"loc":{"start":{"line":3,"column":16494},"end":{"line":3,"column":16527}},"line":3},"82":{"name":"(anonymous_82)","decl":{"start":{"line":3,"column":16539},"end":{"line":3,"column":16540}},"loc":{"start":{"line":3,"column":16549},"end":{"line":3,"column":16554}},"line":3},"83":{"name":"(anonymous_83)","decl":{"start":{"line":3,"column":16567},"end":{"line":3,"column":16568}},"loc":{"start":{"line":3,"column":16580},"end":{"line":3,"column":16917}},"line":3},"84":{"name":"(anonymous_84)","decl":{"start":{"line":3,"column":16625},"end":{"line":3,"column":16626}},"loc":{"start":{"line":3,"column":16635},"end":{"line":3,"column":16819}},"line":3},"85":{"name":"(anonymous_85)","decl":{"start":{"line":3,"column":16927},"end":{"line":3,"column":16928}},"loc":{"start":{"line":3,"column":16938},"end":{"line":3,"column":16987}},"line":3},"86":{"name":"(anonymous_86)","decl":{"start":{"line":3,"column":16990},"end":{"line":3,"column":16991}},"loc":{"start":{"line":3,"column":17005},"end":{"line":3,"column":17062}},"line":3},"87":{"name":"(anonymous_87)","decl":{"start":{"line":3,"column":17381},"end":{"line":3,"column":17382}},"loc":{"start":{"line":3,"column":17391},"end":{"line":3,"column":18679}},"line":3},"88":{"name":"(anonymous_88)","decl":{"start":{"line":3,"column":17523},"end":{"line":3,"column":17524}},"loc":{"start":{"line":3,"column":17533},"end":{"line":3,"column":17719}},"line":3},"89":{"name":"(anonymous_89)","decl":{"start":{"line":3,"column":17587},"end":{"line":3,"column":17588}},"loc":{"start":{"line":3,"column":17597},"end":{"line":3,"column":17637}},"line":3},"90":{"name":"(anonymous_90)","decl":{"start":{"line":3,"column":17656},"end":{"line":3,"column":17657}},"loc":{"start":{"line":3,"column":17667},"end":{"line":3,"column":17717}},"line":3},"91":{"name":"(anonymous_91)","decl":{"start":{"line":3,"column":17740},"end":{"line":3,"column":17741}},"loc":{"start":{"line":3,"column":17753},"end":{"line":3,"column":17813}},"line":3},"92":{"name":"(anonymous_92)","decl":{"start":{"line":3,"column":17821},"end":{"line":3,"column":17822}},"loc":{"start":{"line":3,"column":17838},"end":{"line":3,"column":17901}},"line":3},"93":{"name":"(anonymous_93)","decl":{"start":{"line":3,"column":17923},"end":{"line":3,"column":17924}},"loc":{"start":{"line":3,"column":17933},"end":{"line":3,"column":18367}},"line":3},"94":{"name":"(anonymous_94)","decl":{"start":{"line":3,"column":18205},"end":{"line":3,"column":18206}},"loc":{"start":{"line":3,"column":18215},"end":{"line":3,"column":18225}},"line":3},"95":{"name":"(anonymous_95)","decl":{"start":{"line":3,"column":18232},"end":{"line":3,"column":18233}},"loc":{"start":{"line":3,"column":18242},"end":{"line":3,"column":18252}},"line":3},"96":{"name":"(anonymous_96)","decl":{"start":{"line":3,"column":18375},"end":{"line":3,"column":18376}},"loc":{"start":{"line":3,"column":18385},"end":{"line":3,"column":18529}},"line":3},"97":{"name":"(anonymous_97)","decl":{"start":{"line":3,"column":18466},"end":{"line":3,"column":18467}},"loc":{"start":{"line":3,"column":18476},"end":{"line":3,"column":18524}},"line":3},"98":{"name":"(anonymous_98)","decl":{"start":{"line":3,"column":18537},"end":{"line":3,"column":18538}},"loc":{"start":{"line":3,"column":18547},"end":{"line":3,"column":18677}},"line":3},"99":{"name":"(anonymous_99)","decl":{"start":{"line":3,"column":18685},"end":{"line":3,"column":18686}},"loc":{"start":{"line":3,"column":18695},"end":{"line":3,"column":18751}},"line":3},"100":{"name":"(anonymous_100)","decl":{"start":{"line":3,"column":18757},"end":{"line":3,"column":18758}},"loc":{"start":{"line":3,"column":18767},"end":{"line":3,"column":18823}},"line":3},"101":{"name":"(anonymous_101)","decl":{"start":{"line":3,"column":18829},"end":{"line":3,"column":18830}},"loc":{"start":{"line":3,"column":18840},"end":{"line":3,"column":18893}},"line":3},"102":{"name":"(anonymous_102)","decl":{"start":{"line":3,"column":18914},"end":{"line":3,"column":18915}},"loc":{"start":{"line":3,"column":18924},"end":{"line":3,"column":19136}},"line":3},"103":{"name":"(anonymous_103)","decl":{"start":{"line":3,"column":19150},"end":{"line":3,"column":19151}},"loc":{"start":{"line":3,"column":19161},"end":{"line":3,"column":19473}},"line":3},"104":{"name":"(anonymous_104)","decl":{"start":{"line":3,"column":19329},"end":{"line":3,"column":19330}},"loc":{"start":{"line":3,"column":19339},"end":{"line":3,"column":19353}},"line":3},"105":{"name":"(anonymous_105)","decl":{"start":{"line":3,"column":19376},"end":{"line":3,"column":19377}},"loc":{"start":{"line":3,"column":19386},"end":{"line":3,"column":19436}},"line":3},"106":{"name":"(anonymous_106)","decl":{"start":{"line":3,"column":19546},"end":{"line":3,"column":19547}},"loc":{"start":{"line":3,"column":19557},"end":{"line":3,"column":19616}},"line":3},"107":{"name":"(anonymous_107)","decl":{"start":{"line":3,"column":19588},"end":{"line":3,"column":19589}},"loc":{"start":{"line":3,"column":19599},"end":{"line":3,"column":19614}},"line":3},"108":{"name":"(anonymous_108)","decl":{"start":{"line":3,"column":19644},"end":{"line":3,"column":19645}},"loc":{"start":{"line":3,"column":19654},"end":{"line":3,"column":19896}},"line":3},"109":{"name":"(anonymous_109)","decl":{"start":{"line":3,"column":19756},"end":{"line":3,"column":19757}},"loc":{"start":{"line":3,"column":19769},"end":{"line":3,"column":19832}},"line":3},"110":{"name":"(anonymous_110)","decl":{"start":{"line":3,"column":19854},"end":{"line":3,"column":19855}},"loc":{"start":{"line":3,"column":19867},"end":{"line":3,"column":19892}},"line":3},"111":{"name":"(anonymous_111)","decl":{"start":{"line":3,"column":19900},"end":{"line":3,"column":19901}},"loc":{"start":{"line":3,"column":19910},"end":{"line":3,"column":20682}},"line":3},"112":{"name":"(anonymous_112)","decl":{"start":{"line":3,"column":19943},"end":{"line":3,"column":19944}},"loc":{"start":{"line":3,"column":19953},"end":{"line":3,"column":19989}},"line":3},"113":{"name":"(anonymous_113)","decl":{"start":{"line":3,"column":20033},"end":{"line":3,"column":20034}},"loc":{"start":{"line":3,"column":20044},"end":{"line":3,"column":20567}},"line":3},"114":{"name":"(anonymous_114)","decl":{"start":{"line":3,"column":20065},"end":{"line":3,"column":20066}},"loc":{"start":{"line":3,"column":20075},"end":{"line":3,"column":20565}},"line":3},"115":{"name":"(anonymous_115)","decl":{"start":{"line":3,"column":20134},"end":{"line":3,"column":20135}},"loc":{"start":{"line":3,"column":20145},"end":{"line":3,"column":20528}},"line":3},"116":{"name":"(anonymous_116)","decl":{"start":{"line":3,"column":20256},"end":{"line":3,"column":20257}},"loc":{"start":{"line":3,"column":20267},"end":{"line":3,"column":20403}},"line":3},"117":{"name":"(anonymous_117)","decl":{"start":{"line":3,"column":20421},"end":{"line":3,"column":20422}},"loc":{"start":{"line":3,"column":20432},"end":{"line":3,"column":20526}},"line":3},"118":{"name":"(anonymous_118)","decl":{"start":{"line":3,"column":20499},"end":{"line":3,"column":20500}},"loc":{"start":{"line":3,"column":20509},"end":{"line":3,"column":20515}},"line":3},"119":{"name":"(anonymous_119)","decl":{"start":{"line":3,"column":20545},"end":{"line":3,"column":20546}},"loc":{"start":{"line":3,"column":20555},"end":{"line":3,"column":20563}},"line":3},"120":{"name":"(anonymous_120)","decl":{"start":{"line":3,"column":20593},"end":{"line":3,"column":20594}},"loc":{"start":{"line":3,"column":20603},"end":{"line":3,"column":20681}},"line":3}},"branchMap":{"0":{"loc":{"start":{"line":3,"column":357},"end":{"line":3,"column":375}},"type":"binary-expr","locations":[{"start":{"line":3,"column":357},"end":{"line":3,"column":358}},{"start":{"line":3,"column":361},"end":{"line":3,"column":374}}],"line":3},"1":{"loc":{"start":{"line":3,"column":376},"end":{"line":3,"column":423}},"type":"cond-expr","locations":[{"start":{"line":3,"column":378},"end":{"line":3,"column":397}},{"start":{"line":3,"column":399},"end":{"line":3,"column":422}}],"line":3},"2":{"loc":{"start":{"line":3,"column":378},"end":{"line":3,"column":397}},"type":"binary-expr","locations":[{"start":{"line":3,"column":378},"end":{"line":3,"column":379}},{"start":{"line":3,"column":381},"end":{"line":3,"column":397}}],"line":3},"3":{"loc":{"start":{"line":3,"column":406},"end":{"line":3,"column":422}},"type":"binary-expr","locations":[{"start":{"line":3,"column":406},"end":{"line":3,"column":407}},{"start":{"line":3,"column":409},"end":{"line":3,"column":422}}],"line":3},"4":{"loc":{"start":{"line":3,"column":470},"end":{"line":3,"column":591}},"type":"binary-expr","locations":[{"start":{"line":3,"column":470},"end":{"line":3,"column":484}},{"start":{"line":3,"column":487},"end":{"line":3,"column":590}}],"line":3},"5":{"loc":{"start":{"line":3,"column":526},"end":{"line":3,"column":590}},"type":"binary-expr","locations":[{"start":{"line":3,"column":526},"end":{"line":3,"column":543}},{"start":{"line":3,"column":545},"end":{"line":3,"column":590}}],"line":3},"6":{"loc":{"start":{"line":3,"column":571},"end":{"line":3,"column":589}},"type":"cond-expr","locations":[{"start":{"line":3,"column":584},"end":{"line":3,"column":585}},{"start":{"line":3,"column":586},"end":{"line":3,"column":589}}],"line":3},"7":{"loc":{"start":{"line":3,"column":614},"end":{"line":3,"column":726}},"type":"binary-expr","locations":[{"start":{"line":3,"column":614},"end":{"line":3,"column":619}},{"start":{"line":3,"column":621},"end":{"line":3,"column":644}},{"start":{"line":3,"column":647},"end":{"line":3,"column":725}}],"line":3},"8":{"loc":{"start":{"line":3,"column":765},"end":{"line":3,"column":836}},"type":"binary-expr","locations":[{"start":{"line":3,"column":765},"end":{"line":3,"column":789}},{"start":{"line":3,"column":792},"end":{"line":3,"column":835}}],"line":3},"9":{"loc":{"start":{"line":3,"column":919},"end":{"line":3,"column":953}},"type":"if","locations":[{"start":{"line":3,"column":919},"end":{"line":3,"column":953}},{"start":{"line":3,"column":919},"end":{"line":3,"column":953}}],"line":3},"10":{"loc":{"start":{"line":3,"column":968},"end":{"line":3,"column":1005}},"type":"if","locations":[{"start":{"line":3,"column":968},"end":{"line":3,"column":1005}},{"start":{"line":3,"column":968},"end":{"line":3,"column":1005}}],"line":3},"11":{"loc":{"start":{"line":3,"column":1163},"end":{"line":3,"column":1179}},"type":"binary-expr","locations":[{"start":{"line":3,"column":1163},"end":{"line":3,"column":1170}},{"start":{"line":3,"column":1172},"end":{"line":3,"column":1179}}],"line":3},"12":{"loc":{"start":{"line":3,"column":1291},"end":{"line":3,"column":1416}},"type":"binary-expr","locations":[{"start":{"line":3,"column":1291},"end":{"line":3,"column":1302}},{"start":{"line":3,"column":1304},"end":{"line":3,"column":1311}},{"start":{"line":3,"column":1313},"end":{"line":3,"column":1416}}],"line":3},"13":{"loc":{"start":{"line":3,"column":1491},"end":{"line":3,"column":1714}},"type":"if","locations":[{"start":{"line":3,"column":1491},"end":{"line":3,"column":1714}},{"start":{"line":3,"column":1491},"end":{"line":3,"column":1714}}],"line":3},"14":{"loc":{"start":{"line":3,"column":1583},"end":{"line":3,"column":1644}},"type":"if","locations":[{"start":{"line":3,"column":1583},"end":{"line":3,"column":1644}},{"start":{"line":3,"column":1583},"end":{"line":3,"column":1644}}],"line":3},"15":{"loc":{"start":{"line":3,"column":1593},"end":{"line":3,"column":1614}},"type":"binary-expr","locations":[{"start":{"line":3,"column":1593},"end":{"line":3,"column":1601}},{"start":{"line":3,"column":1604},"end":{"line":3,"column":1613}}],"line":3},"16":{"loc":{"start":{"line":3,"column":1658},"end":{"line":3,"column":1694}},"type":"cond-expr","locations":[{"start":{"line":3,"column":1677},"end":{"line":3,"column":1684}},{"start":{"line":3,"column":1685},"end":{"line":3,"column":1694}}],"line":3},"17":{"loc":{"start":{"line":3,"column":1703},"end":{"line":3,"column":1713}},"type":"binary-expr","locations":[{"start":{"line":3,"column":1703},"end":{"line":3,"column":1710}},{"start":{"line":3,"column":1712},"end":{"line":3,"column":1713}}],"line":3},"18":{"loc":{"start":{"line":3,"column":1714},"end":{"line":3,"column":1757}},"type":"if","locations":[{"start":{"line":3,"column":1714},"end":{"line":3,"column":1757}},{"start":{"line":3,"column":1714},"end":{"line":3,"column":1757}}],"line":3},"19":{"loc":{"start":{"line":3,"column":1773},"end":{"line":3,"column":1825}},"type":"cond-expr","locations":[{"start":{"line":3,"column":1799},"end":{"line":3,"column":1818}},{"start":{"line":3,"column":1819},"end":{"line":3,"column":1825}}],"line":3},"20":{"loc":{"start":{"line":3,"column":1773},"end":{"line":3,"column":1798}},"type":"binary-expr","locations":[{"start":{"line":3,"column":1773},"end":{"line":3,"column":1781}},{"start":{"line":3,"column":1783},"end":{"line":3,"column":1798}}],"line":3},"21":{"loc":{"start":{"line":3,"column":1826},"end":{"line":3,"column":1935}},"type":"cond-expr","locations":[{"start":{"line":3,"column":1833},"end":{"line":3,"column":1916}},{"start":{"line":3,"column":1918},"end":{"line":3,"column":1935}}],"line":3},"22":{"loc":{"start":{"line":3,"column":1833},"end":{"line":3,"column":1880}},"type":"binary-expr","locations":[{"start":{"line":3,"column":1833},"end":{"line":3,"column":1853}},{"start":{"line":3,"column":1856},"end":{"line":3,"column":1879}}],"line":3},"23":{"loc":{"start":{"line":3,"column":2002},"end":{"line":3,"column":2070}},"type":"cond-expr","locations":[{"start":{"line":3,"column":2032},"end":{"line":3,"column":2049}},{"start":{"line":3,"column":2050},"end":{"line":3,"column":2070}}],"line":3},"24":{"loc":{"start":{"line":3,"column":2071},"end":{"line":3,"column":2180}},"type":"binary-expr","locations":[{"start":{"line":3,"column":2071},"end":{"line":3,"column":2081}},{"start":{"line":3,"column":2084},"end":{"line":3,"column":2179}}],"line":3},"25":{"loc":{"start":{"line":3,"column":2181},"end":{"line":3,"column":2386}},"type":"binary-expr","locations":[{"start":{"line":3,"column":2181},"end":{"line":3,"column":2192}},{"start":{"line":3,"column":2195},"end":{"line":3,"column":2385}}],"line":3},"26":{"loc":{"start":{"line":3,"column":2313},"end":{"line":3,"column":2349}},"type":"binary-expr","locations":[{"start":{"line":3,"column":2313},"end":{"line":3,"column":2338}},{"start":{"line":3,"column":2340},"end":{"line":3,"column":2349}}],"line":3},"27":{"loc":{"start":{"line":3,"column":2419},"end":{"line":3,"column":2489}},"type":"binary-expr","locations":[{"start":{"line":3,"column":2419},"end":{"line":3,"column":2433}},{"start":{"line":3,"column":2436},"end":{"line":3,"column":2488}}],"line":3},"28":{"loc":{"start":{"line":3,"column":2630},"end":{"line":3,"column":2768}},"type":"binary-expr","locations":[{"start":{"line":3,"column":2630},"end":{"line":3,"column":2647}},{"start":{"line":3,"column":2650},"end":{"line":3,"column":2767}}],"line":3},"29":{"loc":{"start":{"line":3,"column":2650},"end":{"line":3,"column":2767}},"type":"cond-expr","locations":[{"start":{"line":3,"column":2671},"end":{"line":3,"column":2747}},{"start":{"line":3,"column":2749},"end":{"line":3,"column":2767}}],"line":3},"30":{"loc":{"start":{"line":3,"column":2769},"end":{"line":3,"column":2805}},"type":"binary-expr","locations":[{"start":{"line":3,"column":2769},"end":{"line":3,"column":2782}},{"start":{"line":3,"column":2785},"end":{"line":3,"column":2804}}],"line":3},"31":{"loc":{"start":{"line":3,"column":2806},"end":{"line":3,"column":2957}},"type":"cond-expr","locations":[{"start":{"line":3,"column":2824},"end":{"line":3,"column":2905}},{"start":{"line":3,"column":2906},"end":{"line":3,"column":2957}}],"line":3},"32":{"loc":{"start":{"line":3,"column":2958},"end":{"line":3,"column":3084}},"type":"binary-expr","locations":[{"start":{"line":3,"column":2959},"end":{"line":3,"column":2979}},{"start":{"line":3,"column":2981},"end":{"line":3,"column":3005}},{"start":{"line":3,"column":3007},"end":{"line":3,"column":3025}},{"start":{"line":3,"column":3028},"end":{"line":3,"column":3084}}],"line":3},"33":{"loc":{"start":{"line":3,"column":3085},"end":{"line":3,"column":3161}},"type":"binary-expr","locations":[{"start":{"line":3,"column":3085},"end":{"line":3,"column":3105}},{"start":{"line":3,"column":3107},"end":{"line":3,"column":3161}}],"line":3},"34":{"loc":{"start":{"line":3,"column":3134},"end":{"line":3,"column":3159}},"type":"binary-expr","locations":[{"start":{"line":3,"column":3134},"end":{"line":3,"column":3148}},{"start":{"line":3,"column":3150},"end":{"line":3,"column":3159}}],"line":3},"35":{"loc":{"start":{"line":3,"column":3206},"end":{"line":3,"column":3255}},"type":"binary-expr","locations":[{"start":{"line":3,"column":3206},"end":{"line":3,"column":3230}},{"start":{"line":3,"column":3233},"end":{"line":3,"column":3254}}],"line":3},"36":{"loc":{"start":{"line":3,"column":3256},"end":{"line":3,"column":3277}},"type":"binary-expr","locations":[{"start":{"line":3,"column":3256},"end":{"line":3,"column":3257}},{"start":{"line":3,"column":3259},"end":{"line":3,"column":3277}}],"line":3},"37":{"loc":{"start":{"line":3,"column":3305},"end":{"line":3,"column":3396}},"type":"if","locations":[{"start":{"line":3,"column":3305},"end":{"line":3,"column":3396}},{"start":{"line":3,"column":3305},"end":{"line":3,"column":3396}}],"line":3},"38":{"loc":{"start":{"line":3,"column":3308},"end":{"line":3,"column":3345}},"type":"binary-expr","locations":[{"start":{"line":3,"column":3308},"end":{"line":3,"column":3325}},{"start":{"line":3,"column":3327},"end":{"line":3,"column":3345}}],"line":3},"39":{"loc":{"start":{"line":3,"column":3375},"end":{"line":3,"column":3395}},"type":"binary-expr","locations":[{"start":{"line":3,"column":3375},"end":{"line":3,"column":3376}},{"start":{"line":3,"column":3379},"end":{"line":3,"column":3394}}],"line":3},"40":{"loc":{"start":{"line":3,"column":3396},"end":{"line":3,"column":3485}},"type":"binary-expr","locations":[{"start":{"line":3,"column":3396},"end":{"line":3,"column":3413}},{"start":{"line":3,"column":3416},"end":{"line":3,"column":3484}}],"line":3},"41":{"loc":{"start":{"line":3,"column":3416},"end":{"line":3,"column":3484}},"type":"cond-expr","locations":[{"start":{"line":3,"column":3424},"end":{"line":3,"column":3464}},{"start":{"line":3,"column":3465},"end":{"line":3,"column":3484}}],"line":3},"42":{"loc":{"start":{"line":3,"column":3514},"end":{"line":3,"column":3538}},"type":"binary-expr","locations":[{"start":{"line":3,"column":3514},"end":{"line":3,"column":3521}},{"start":{"line":3,"column":3524},"end":{"line":3,"column":3537}}],"line":3},"43":{"loc":{"start":{"line":3,"column":3539},"end":{"line":3,"column":3561}},"type":"binary-expr","locations":[{"start":{"line":3,"column":3539},"end":{"line":3,"column":3540}},{"start":{"line":3,"column":3542},"end":{"line":3,"column":3561}}],"line":3},"44":{"loc":{"start":{"line":3,"column":3728},"end":{"line":3,"column":3797}},"type":"cond-expr","locations":[{"start":{"line":3,"column":3739},"end":{"line":3,"column":3772}},{"start":{"line":3,"column":3774},"end":{"line":3,"column":3797}}],"line":3},"45":{"loc":{"start":{"line":3,"column":3887},"end":{"line":3,"column":4053}},"type":"binary-expr","locations":[{"start":{"line":3,"column":3887},"end":{"line":3,"column":3895}},{"start":{"line":3,"column":3898},"end":{"line":3,"column":4052}}],"line":3},"46":{"loc":{"start":{"line":3,"column":3915},"end":{"line":3,"column":4052}},"type":"cond-expr","locations":[{"start":{"line":3,"column":3968},"end":{"line":3,"column":4040}},{"start":{"line":3,"column":4042},"end":{"line":3,"column":4052}}],"line":3},"47":{"loc":{"start":{"line":3,"column":3915},"end":{"line":3,"column":3966}},"type":"binary-expr","locations":[{"start":{"line":3,"column":3915},"end":{"line":3,"column":3932}},{"start":{"line":3,"column":3934},"end":{"line":3,"column":3944}},{"start":{"line":3,"column":3946},"end":{"line":3,"column":3966}}],"line":3},"48":{"loc":{"start":{"line":3,"column":4096},"end":{"line":3,"column":4337}},"type":"if","locations":[{"start":{"line":3,"column":4096},"end":{"line":3,"column":4337}},{"start":{"line":3,"column":4096},"end":{"line":3,"column":4337}}],"line":3},"49":{"loc":{"start":{"line":3,"column":4156},"end":{"line":3,"column":4195}},"type":"binary-expr","locations":[{"start":{"line":3,"column":4156},"end":{"line":3,"column":4170}},{"start":{"line":3,"column":4173},"end":{"line":3,"column":4194}}],"line":3},"50":{"loc":{"start":{"line":3,"column":4263},"end":{"line":3,"column":4319}},"type":"cond-expr","locations":[{"start":{"line":3,"column":4271},"end":{"line":3,"column":4305}},{"start":{"line":3,"column":4306},"end":{"line":3,"column":4319}}],"line":3},"51":{"loc":{"start":{"line":3,"column":4508},"end":{"line":3,"column":4644}},"type":"binary-expr","locations":[{"start":{"line":3,"column":4508},"end":{"line":3,"column":4526}},{"start":{"line":3,"column":4528},"end":{"line":3,"column":4547}},{"start":{"line":3,"column":4549},"end":{"line":3,"column":4585}},{"start":{"line":3,"column":4587},"end":{"line":3,"column":4610}},{"start":{"line":3,"column":4612},"end":{"line":3,"column":4644}}],"line":3},"52":{"loc":{"start":{"line":3,"column":4645},"end":{"line":3,"column":4690}},"type":"binary-expr","locations":[{"start":{"line":3,"column":4645},"end":{"line":3,"column":4661}},{"start":{"line":3,"column":4663},"end":{"line":3,"column":4690}}],"line":3},"53":{"loc":{"start":{"line":3,"column":4786},"end":{"line":3,"column":4936}},"type":"if","locations":[{"start":{"line":3,"column":4786},"end":{"line":3,"column":4936}},{"start":{"line":3,"column":4786},"end":{"line":3,"column":4936}}],"line":3},"54":{"loc":{"start":{"line":3,"column":4922},"end":{"line":3,"column":4935}},"type":"binary-expr","locations":[{"start":{"line":3,"column":4922},"end":{"line":3,"column":4923}},{"start":{"line":3,"column":4925},"end":{"line":3,"column":4935}}],"line":3},"55":{"loc":{"start":{"line":3,"column":4936},"end":{"line":3,"column":4980}},"type":"binary-expr","locations":[{"start":{"line":3,"column":4936},"end":{"line":3,"column":4953}},{"start":{"line":3,"column":4955},"end":{"line":3,"column":4980}}],"line":3},"56":{"loc":{"start":{"line":3,"column":5071},"end":{"line":3,"column":5100}},"type":"binary-expr","locations":[{"start":{"line":3,"column":5071},"end":{"line":3,"column":5080}},{"start":{"line":3,"column":5082},"end":{"line":3,"column":5100}}],"line":3},"57":{"loc":{"start":{"line":3,"column":5101},"end":{"line":3,"column":5133}},"type":"binary-expr","locations":[{"start":{"line":3,"column":5101},"end":{"line":3,"column":5109}},{"start":{"line":3,"column":5112},"end":{"line":3,"column":5132}}],"line":3},"58":{"loc":{"start":{"line":3,"column":5147},"end":{"line":3,"column":5318}},"type":"if","locations":[{"start":{"line":3,"column":5147},"end":{"line":3,"column":5318}},{"start":{"line":3,"column":5147},"end":{"line":3,"column":5318}}],"line":3},"59":{"loc":{"start":{"line":3,"column":5168},"end":{"line":3,"column":5197}},"type":"cond-expr","locations":[{"start":{"line":3,"column":5179},"end":{"line":3,"column":5194}},{"start":{"line":3,"column":5195},"end":{"line":3,"column":5197}}],"line":3},"60":{"loc":{"start":{"line":3,"column":5241},"end":{"line":3,"column":5266}},"type":"binary-expr","locations":[{"start":{"line":3,"column":5241},"end":{"line":3,"column":5250}},{"start":{"line":3,"column":5252},"end":{"line":3,"column":5266}}],"line":3},"61":{"loc":{"start":{"line":3,"column":5309},"end":{"line":3,"column":5317}},"type":"binary-expr","locations":[{"start":{"line":3,"column":5309},"end":{"line":3,"column":5311}},{"start":{"line":3,"column":5313},"end":{"line":3,"column":5317}}],"line":3},"62":{"loc":{"start":{"line":3,"column":5318},"end":{"line":3,"column":5376}},"type":"binary-expr","locations":[{"start":{"line":3,"column":5318},"end":{"line":3,"column":5319}},{"start":{"line":3,"column":5321},"end":{"line":3,"column":5331}},{"start":{"line":3,"column":5333},"end":{"line":3,"column":5376}}],"line":3},"63":{"loc":{"start":{"line":3,"column":5600},"end":{"line":3,"column":5748}},"type":"cond-expr","locations":[{"start":{"line":3,"column":5602},"end":{"line":3,"column":5735}},{"start":{"line":3,"column":5736},"end":{"line":3,"column":5748}}],"line":3},"64":{"loc":{"start":{"line":3,"column":5602},"end":{"line":3,"column":5735}},"type":"cond-expr","locations":[{"start":{"line":3,"column":5665},"end":{"line":3,"column":5723}},{"start":{"line":3,"column":5724},"end":{"line":3,"column":5735}}],"line":3},"65":{"loc":{"start":{"line":3,"column":5602},"end":{"line":3,"column":5664}},"type":"binary-expr","locations":[{"start":{"line":3,"column":5602},"end":{"line":3,"column":5619}},{"start":{"line":3,"column":5621},"end":{"line":3,"column":5640}},{"start":{"line":3,"column":5642},"end":{"line":3,"column":5664}}],"line":3},"66":{"loc":{"start":{"line":3,"column":5665},"end":{"line":3,"column":5723}},"type":"binary-expr","locations":[{"start":{"line":3,"column":5665},"end":{"line":3,"column":5700}},{"start":{"line":3,"column":5702},"end":{"line":3,"column":5723}}],"line":3},"67":{"loc":{"start":{"line":3,"column":5879},"end":{"line":3,"column":6075}},"type":"if","locations":[{"start":{"line":3,"column":5879},"end":{"line":3,"column":6075}},{"start":{"line":3,"column":5879},"end":{"line":3,"column":6075}}],"line":3},"68":{"loc":{"start":{"line":3,"column":5884},"end":{"line":3,"column":5922}},"type":"cond-expr","locations":[{"start":{"line":3,"column":5894},"end":{"line":3,"column":5903}},{"start":{"line":3,"column":5904},"end":{"line":3,"column":5922}}],"line":3},"69":{"loc":{"start":{"line":3,"column":5966},"end":{"line":3,"column":6010}},"type":"if","locations":[{"start":{"line":3,"column":5966},"end":{"line":3,"column":6010}},{"start":{"line":3,"column":5966},"end":{"line":3,"column":6010}}],"line":3},"70":{"loc":{"start":{"line":3,"column":6042},"end":{"line":3,"column":6074}},"type":"binary-expr","locations":[{"start":{"line":3,"column":6042},"end":{"line":3,"column":6047}},{"start":{"line":3,"column":6050},"end":{"line":3,"column":6073}}],"line":3},"71":{"loc":{"start":{"line":3,"column":6089},"end":{"line":3,"column":6111}},"type":"binary-expr","locations":[{"start":{"line":3,"column":6089},"end":{"line":3,"column":6090}},{"start":{"line":3,"column":6092},"end":{"line":3,"column":6101}},{"start":{"line":3,"column":6103},"end":{"line":3,"column":6111}}],"line":3},"72":{"loc":{"start":{"line":3,"column":6254},"end":{"line":3,"column":6263}},"type":"binary-expr","locations":[{"start":{"line":3,"column":6254},"end":{"line":3,"column":6255}},{"start":{"line":3,"column":6258},"end":{"line":3,"column":6262}}],"line":3},"73":{"loc":{"start":{"line":3,"column":6303},"end":{"line":3,"column":6421}},"type":"cond-expr","locations":[{"start":{"line":3,"column":6312},"end":{"line":3,"column":6339}},{"start":{"line":3,"column":6342},"end":{"line":3,"column":6420}}],"line":3},"74":{"loc":{"start":{"line":3,"column":6353},"end":{"line":3,"column":6420}},"type":"cond-expr","locations":[{"start":{"line":3,"column":6364},"end":{"line":3,"column":6391}},{"start":{"line":3,"column":6393},"end":{"line":3,"column":6419}}],"line":3},"75":{"loc":{"start":{"line":3,"column":6450},"end":{"line":3,"column":6835}},"type":"if","locations":[{"start":{"line":3,"column":6450},"end":{"line":3,"column":6835}},{"start":{"line":3,"column":6450},"end":{"line":3,"column":6835}}],"line":3},"76":{"loc":{"start":{"line":3,"column":6453},"end":{"line":3,"column":6556}},"type":"binary-expr","locations":[{"start":{"line":3,"column":6454},"end":{"line":3,"column":6518}},{"start":{"line":3,"column":6521},"end":{"line":3,"column":6532}},{"start":{"line":3,"column":6534},"end":{"line":3,"column":6544}},{"start":{"line":3,"column":6546},"end":{"line":3,"column":6556}}],"line":3},"77":{"loc":{"start":{"line":3,"column":6454},"end":{"line":3,"column":6518}},"type":"cond-expr","locations":[{"start":{"line":3,"column":6474},"end":{"line":3,"column":6484}},{"start":{"line":3,"column":6485},"end":{"line":3,"column":6518}}],"line":3},"78":{"loc":{"start":{"line":3,"column":6564},"end":{"line":3,"column":6631}},"type":"cond-expr","locations":[{"start":{"line":3,"column":6585},"end":{"line":3,"column":6596}},{"start":{"line":3,"column":6597},"end":{"line":3,"column":6631}}],"line":3},"79":{"loc":{"start":{"line":3,"column":6632},"end":{"line":3,"column":6709}},"type":"if","locations":[{"start":{"line":3,"column":6632},"end":{"line":3,"column":6709}},{"start":{"line":3,"column":6632},"end":{"line":3,"column":6709}}],"line":3},"80":{"loc":{"start":{"line":3,"column":6637},"end":{"line":3,"column":6709}},"type":"if","locations":[{"start":{"line":3,"column":6637},"end":{"line":3,"column":6709}},{"start":{"line":3,"column":6637},"end":{"line":3,"column":6709}}],"line":3},"81":{"loc":{"start":{"line":3,"column":6657},"end":{"line":3,"column":6679}},"type":"if","locations":[{"start":{"line":3,"column":6657},"end":{"line":3,"column":6679}},{"start":{"line":3,"column":6657},"end":{"line":3,"column":6679}}],"line":3},"82":{"loc":{"start":{"line":3,"column":6685},"end":{"line":3,"column":6709}},"type":"if","locations":[{"start":{"line":3,"column":6685},"end":{"line":3,"column":6709}},{"start":{"line":3,"column":6685},"end":{"line":3,"column":6709}}],"line":3},"83":{"loc":{"start":{"line":3,"column":6709},"end":{"line":3,"column":6767}},"type":"binary-expr","locations":[{"start":{"line":3,"column":6709},"end":{"line":3,"column":6715}},{"start":{"line":3,"column":6718},"end":{"line":3,"column":6766}}],"line":3},"84":{"loc":{"start":{"line":3,"column":6737},"end":{"line":3,"column":6766}},"type":"binary-expr","locations":[{"start":{"line":3,"column":6737},"end":{"line":3,"column":6745}},{"start":{"line":3,"column":6747},"end":{"line":3,"column":6766}}],"line":3},"85":{"loc":{"start":{"line":3,"column":6784},"end":{"line":3,"column":6824}},"type":"binary-expr","locations":[{"start":{"line":3,"column":6784},"end":{"line":3,"column":6794}},{"start":{"line":3,"column":6797},"end":{"line":3,"column":6823}}],"line":3},"86":{"loc":{"start":{"line":3,"column":6864},"end":{"line":3,"column":7156}},"type":"if","locations":[{"start":{"line":3,"column":6864},"end":{"line":3,"column":7156}},{"start":{"line":3,"column":6864},"end":{"line":3,"column":7156}}],"line":3},"87":{"loc":{"start":{"line":3,"column":6880},"end":{"line":3,"column":6922}},"type":"binary-expr","locations":[{"start":{"line":3,"column":6880},"end":{"line":3,"column":6885}},{"start":{"line":3,"column":6887},"end":{"line":3,"column":6922}}],"line":3},"88":{"loc":{"start":{"line":3,"column":6923},"end":{"line":3,"column":6958}},"type":"binary-expr","locations":[{"start":{"line":3,"column":6923},"end":{"line":3,"column":6924}},{"start":{"line":3,"column":6926},"end":{"line":3,"column":6939}},{"start":{"line":3,"column":6942},"end":{"line":3,"column":6957}}],"line":3},"89":{"loc":{"start":{"line":3,"column":7184},"end":{"line":3,"column":7475}},"type":"if","locations":[{"start":{"line":3,"column":7184},"end":{"line":3,"column":7475}},{"start":{"line":3,"column":7184},"end":{"line":3,"column":7475}}],"line":3},"90":{"loc":{"start":{"line":3,"column":7259},"end":{"line":3,"column":7276}},"type":"if","locations":[{"start":{"line":3,"column":7259},"end":{"line":3,"column":7276}},{"start":{"line":3,"column":7259},"end":{"line":3,"column":7276}}],"line":3},"91":{"loc":{"start":{"line":3,"column":7262},"end":{"line":3,"column":7266}},"type":"binary-expr","locations":[{"start":{"line":3,"column":7262},"end":{"line":3,"column":7263}},{"start":{"line":3,"column":7265},"end":{"line":3,"column":7266}}],"line":3},"92":{"loc":{"start":{"line":3,"column":7276},"end":{"line":3,"column":7360}},"type":"if","locations":[{"start":{"line":3,"column":7276},"end":{"line":3,"column":7360}},{"start":{"line":3,"column":7276},"end":{"line":3,"column":7360}}],"line":3},"93":{"loc":{"start":{"line":3,"column":7279},"end":{"line":3,"column":7350}},"type":"binary-expr","locations":[{"start":{"line":3,"column":7279},"end":{"line":3,"column":7289}},{"start":{"line":3,"column":7291},"end":{"line":3,"column":7317}},{"start":{"line":3,"column":7319},"end":{"line":3,"column":7330}},{"start":{"line":3,"column":7332},"end":{"line":3,"column":7350}}],"line":3},"94":{"loc":{"start":{"line":3,"column":7360},"end":{"line":3,"column":7466}},"type":"if","locations":[{"start":{"line":3,"column":7360},"end":{"line":3,"column":7466}},{"start":{"line":3,"column":7360},"end":{"line":3,"column":7466}}],"line":3},"95":{"loc":{"start":{"line":3,"column":7363},"end":{"line":3,"column":7407}},"type":"binary-expr","locations":[{"start":{"line":3,"column":7363},"end":{"line":3,"column":7379}},{"start":{"line":3,"column":7381},"end":{"line":3,"column":7407}}],"line":3},"96":{"loc":{"start":{"line":3,"column":7409},"end":{"line":3,"column":7422}},"type":"if","locations":[{"start":{"line":3,"column":7409},"end":{"line":3,"column":7422}},{"start":{"line":3,"column":7409},"end":{"line":3,"column":7422}}],"line":3},"97":{"loc":{"start":{"line":3,"column":7428},"end":{"line":3,"column":7466}},"type":"if","locations":[{"start":{"line":3,"column":7428},"end":{"line":3,"column":7466}},{"start":{"line":3,"column":7428},"end":{"line":3,"column":7466}}],"line":3},"98":{"loc":{"start":{"line":3,"column":7431},"end":{"line":3,"column":7456}},"type":"binary-expr","locations":[{"start":{"line":3,"column":7431},"end":{"line":3,"column":7432}},{"start":{"line":3,"column":7434},"end":{"line":3,"column":7456}}],"line":3},"99":{"loc":{"start":{"line":3,"column":7666},"end":{"line":3,"column":7711}},"type":"cond-expr","locations":[{"start":{"line":3,"column":7674},"end":{"line":3,"column":7684}},{"start":{"line":3,"column":7685},"end":{"line":3,"column":7711}}],"line":3},"100":{"loc":{"start":{"line":3,"column":7714},"end":{"line":3,"column":7727}},"type":"binary-expr","locations":[{"start":{"line":3,"column":7714},"end":{"line":3,"column":7715}},{"start":{"line":3,"column":7717},"end":{"line":3,"column":7727}}],"line":3},"101":{"loc":{"start":{"line":3,"column":7752},"end":{"line":3,"column":7802}},"type":"cond-expr","locations":[{"start":{"line":3,"column":7763},"end":{"line":3,"column":7795}},{"start":{"line":3,"column":7796},"end":{"line":3,"column":7802}}],"line":3},"102":{"loc":{"start":{"line":3,"column":7836},"end":{"line":3,"column":7916}},"type":"if","locations":[{"start":{"line":3,"column":7836},"end":{"line":3,"column":7916}},{"start":{"line":3,"column":7836},"end":{"line":3,"column":7916}}],"line":3},"103":{"loc":{"start":{"line":3,"column":7839},"end":{"line":3,"column":7892}},"type":"binary-expr","locations":[{"start":{"line":3,"column":7839},"end":{"line":3,"column":7859}},{"start":{"line":3,"column":7861},"end":{"line":3,"column":7892}}],"line":3},"104":{"loc":{"start":{"line":3,"column":7953},"end":{"line":3,"column":7983}},"type":"binary-expr","locations":[{"start":{"line":3,"column":7953},"end":{"line":3,"column":7959}},{"start":{"line":3,"column":7962},"end":{"line":3,"column":7982}}],"line":3},"105":{"loc":{"start":{"line":3,"column":8020},"end":{"line":3,"column":8051}},"type":"if","locations":[{"start":{"line":3,"column":8020},"end":{"line":3,"column":8051}},{"start":{"line":3,"column":8020},"end":{"line":3,"column":8051}}],"line":3},"106":{"loc":{"start":{"line":3,"column":8023},"end":{"line":3,"column":8041}},"type":"binary-expr","locations":[{"start":{"line":3,"column":8023},"end":{"line":3,"column":8033}},{"start":{"line":3,"column":8035},"end":{"line":3,"column":8041}}],"line":3},"107":{"loc":{"start":{"line":3,"column":8051},"end":{"line":3,"column":8327}},"type":"if","locations":[{"start":{"line":3,"column":8051},"end":{"line":3,"column":8327}},{"start":{"line":3,"column":8051},"end":{"line":3,"column":8327}}],"line":3},"108":{"loc":{"start":{"line":3,"column":8106},"end":{"line":3,"column":8298}},"type":"if","locations":[{"start":{"line":3,"column":8106},"end":{"line":3,"column":8298}},{"start":{"line":3,"column":8106},"end":{"line":3,"column":8298}}],"line":3},"109":{"loc":{"start":{"line":3,"column":8132},"end":{"line":3,"column":8297}},"type":"cond-expr","locations":[{"start":{"line":3,"column":8150},"end":{"line":3,"column":8179}},{"start":{"line":3,"column":8180},"end":{"line":3,"column":8297}}],"line":3},"110":{"loc":{"start":{"line":3,"column":8150},"end":{"line":3,"column":8179}},"type":"binary-expr","locations":[{"start":{"line":3,"column":8150},"end":{"line":3,"column":8161}},{"start":{"line":3,"column":8163},"end":{"line":3,"column":8179}}],"line":3},"111":{"loc":{"start":{"line":3,"column":8180},"end":{"line":3,"column":8297}},"type":"cond-expr","locations":[{"start":{"line":3,"column":8190},"end":{"line":3,"column":8282}},{"start":{"line":3,"column":8283},"end":{"line":3,"column":8297}}],"line":3},"112":{"loc":{"start":{"line":3,"column":8190},"end":{"line":3,"column":8282}},"type":"cond-expr","locations":[{"start":{"line":3,"column":8202},"end":{"line":3,"column":8217}},{"start":{"line":3,"column":8218},"end":{"line":3,"column":8282}}],"line":3},"113":{"loc":{"start":{"line":3,"column":8360},"end":{"line":3,"column":8639}},"type":"if","locations":[{"start":{"line":3,"column":8360},"end":{"line":3,"column":8639}},{"start":{"line":3,"column":8360},"end":{"line":3,"column":8639}}],"line":3},"114":{"loc":{"start":{"line":3,"column":8756},"end":{"line":3,"column":8778}},"type":"cond-expr","locations":[{"start":{"line":3,"column":8758},"end":{"line":3,"column":8775}},{"start":{"line":3,"column":8776},"end":{"line":3,"column":8778}}],"line":3},"115":{"loc":{"start":{"line":3,"column":8798},"end":{"line":3,"column":8802}},"type":"binary-expr","locations":[{"start":{"line":3,"column":8798},"end":{"line":3,"column":8799}},{"start":{"line":3,"column":8801},"end":{"line":3,"column":8802}}],"line":3},"116":{"loc":{"start":{"line":3,"column":8850},"end":{"line":3,"column":8908}},"type":"binary-expr","locations":[{"start":{"line":3,"column":8850},"end":{"line":3,"column":8874}},{"start":{"line":3,"column":8876},"end":{"line":3,"column":8908}}],"line":3},"117":{"loc":{"start":{"line":3,"
[...]
3,"column":15045}},{"start":{"line":3,"column":15011},"end":{"line":3,"column":15045}}],"line":3},"178":{"loc":{"start":{"line":3,"column":15199},"end":{"line":3,"column":15241}},"type":"binary-expr","locations":[{"start":{"line":3,"column":15199},"end":{"line":3,"column":15213}},{"start":{"line":3,"column":15216},"end":{"line":3,"column":15240}}],"line":3},"179":{"loc":{"start":{"line":3,"column":15220},"end":{"line":3,"column":15233}},"type":"binary-expr","locations":[{"start":{"line":3,"column":15220},"end":{"line":3,"column":15221}},{"start":{"line":3,"column":15223},"end":{"line":3,"column":15233}}],"line":3},"180":{"loc":{"start":{"line":3,"column":15333},"end":{"line":3,"column":15369}},"type":"binary-expr","locations":[{"start":{"line":3,"column":15333},"end":{"line":3,"column":15353}},{"start":{"line":3,"column":15355},"end":{"line":3,"column":15369}}],"line":3},"181":{"loc":{"start":{"line":3,"column":15402},"end":{"line":3,"column":15462}},"type":"cond-expr","locations":[{"start":{"line":3,"column":15404},"end":{"line":3,"column":15418}},{"start":{"line":3,"column":15419},"end":{"line":3,"column":15462}}],"line":3},"182":{"loc":{"start":{"line":3,"column":15436},"end":{"line":3,"column":15461}},"type":"binary-expr","locations":[{"start":{"line":3,"column":15436},"end":{"line":3,"column":15449}},{"start":{"line":3,"column":15451},"end":{"line":3,"column":15461}}],"line":3},"183":{"loc":{"start":{"line":3,"column":15617},"end":{"line":3,"column":15652}},"type":"cond-expr","locations":[{"start":{"line":3,"column":15619},"end":{"line":3,"column":15634}},{"start":{"line":3,"column":15635},"end":{"line":3,"column":15652}}],"line":3},"184":{"loc":{"start":{"line":3,"column":15666},"end":{"line":3,"column":15767}},"type":"cond-expr","locations":[{"start":{"line":3,"column":15670},"end":{"line":3,"column":15739}},{"start":{"line":3,"column":15741},"end":{"line":3,"column":15766}}],"line":3},"185":{"loc":{"start":{"line":3,"column":15821},"end":{"line":3,"column":15953}},"type":"if","locations":[{"start":{"line":3,"column":15821},"end":{"line":3,"column":15953}},{"start":{"line":3,"column":15821},"end":{"line":3,"column":15953}}],"line":3},"186":{"loc":{"start":{"line":3,"column":15882},"end":{"line":3,"column":15952}},"type":"binary-expr","locations":[{"start":{"line":3,"column":15882},"end":{"line":3,"column":15890}},{"start":{"line":3,"column":15893},"end":{"line":3,"column":15951}}],"line":3},"187":{"loc":{"start":{"line":3,"column":15893},"end":{"line":3,"column":15908}},"type":"binary-expr","locations":[{"start":{"line":3,"column":15893},"end":{"line":3,"column":15894}},{"start":{"line":3,"column":15897},"end":{"line":3,"column":15907}}],"line":3},"188":{"loc":{"start":{"line":3,"column":15909},"end":{"line":3,"column":15951}},"type":"binary-expr","locations":[{"start":{"line":3,"column":15909},"end":{"line":3,"column":15916}},{"start":{"line":3,"column":15918},"end":{"line":3,"column":15951}}],"line":3},"189":{"loc":{"start":{"line":3,"column":15934},"end":{"line":3,"column":15950}},"type":"cond-expr","locations":[{"start":{"line":3,"column":15936},"end":{"line":3,"column":15943}},{"start":{"line":3,"column":15944},"end":{"line":3,"column":15950}}],"line":3},"190":{"loc":{"start":{"line":3,"column":16495},"end":{"line":3,"column":16526}},"type":"binary-expr","locations":[{"start":{"line":3,"column":16495},"end":{"line":3,"column":16500}},{"start":{"line":3,"column":16503},"end":{"line":3,"column":16525}}],"line":3},"191":{"loc":{"start":{"line":3,"column":16503},"end":{"line":3,"column":16525}},"type":"cond-expr","locations":[{"start":{"line":3,"column":16509},"end":{"line":3,"column":16512}},{"start":{"line":3,"column":16513},"end":{"line":3,"column":16525}}],"line":3},"192":{"loc":{"start":{"line":3,"column":16513},"end":{"line":3,"column":16525}},"type":"binary-expr","locations":[{"start":{"line":3,"column":16513},"end":{"line":3,"column":16518}},{"start":{"line":3,"column":16520},"end":{"line":3,"column":16525}}],"line":3},"193":{"loc":{"start":{"line":3,"column":16636},"end":{"line":3,"column":16818}},"type":"if","locations":[{"start":{"line":3,"column":16636},"end":{"line":3,"column":16818}},{"start":{"line":3,"column":16636},"end":{"line":3,"column":16818}}],"line":3},"194":{"loc":{"start":{"line":3,"column":16671},"end":{"line":3,"column":16786}},"type":"binary-expr","locations":[{"start":{"line":3,"column":16671},"end":{"line":3,"column":16678}},{"start":{"line":3,"column":16681},"end":{"line":3,"column":16785}}],"line":3},"195":{"loc":{"start":{"line":3,"column":16683},"end":{"line":3,"column":16785}},"type":"cond-expr","locations":[{"start":{"line":3,"column":16708},"end":{"line":3,"column":16764}},{"start":{"line":3,"column":16765},"end":{"line":3,"column":16785}}],"line":3},"196":{"loc":{"start":{"line":3,"column":16837},"end":{"line":3,"column":16868}},"type":"binary-expr","locations":[{"start":{"line":3,"column":16837},"end":{"line":3,"column":16848}},{"start":{"line":3,"column":16851},"end":{"line":3,"column":16867}}],"line":3},"197":{"loc":{"start":{"line":3,"column":16967},"end":{"line":3,"column":16986}},"type":"cond-expr","locations":[{"start":{"line":3,"column":16973},"end":{"line":3,"column":16976}},{"start":{"line":3,"column":16977},"end":{"line":3,"column":16986}}],"line":3},"198":{"loc":{"start":{"line":3,"column":16977},"end":{"line":3,"column":16986}},"type":"cond-expr","locations":[{"start":{"line":3,"column":16981},"end":{"line":3,"column":16984}},{"start":{"line":3,"column":16985},"end":{"line":3,"column":16986}}],"line":3},"199":{"loc":{"start":{"line":3,"column":17457},"end":{"line":3,"column":17499}},"type":"if","locations":[{"start":{"line":3,"column":17457},"end":{"line":3,"column":17499}},{"start":{"line":3,"column":17457},"end":{"line":3,"column":17499}}],"line":3},"200":{"loc":{"start":{"line":3,"column":17475},"end":{"line":3,"column":17489}},"type":"binary-expr","locations":[{"start":{"line":3,"column":17475},"end":{"line":3,"column":17477}},{"start":{"line":3,"column":17479},"end":{"line":3,"column":17489}}],"line":3},"201":{"loc":{"start":{"line":3,"column":17534},"end":{"line":3,"column":17638}},"type":"binary-expr","locations":[{"start":{"line":3,"column":17534},"end":{"line":3,"column":17554}},{"start":{"line":3,"column":17556},"end":{"line":3,"column":17638}}],"line":3},"202":{"loc":{"start":{"line":3,"column":17598},"end":{"line":3,"column":17636}},"type":"if","locations":[{"start":{"line":3,"column":17598},"end":{"line":3,"column":17636}},{"start":{"line":3,"column":17598},"end":{"line":3,"column":17636}}],"line":3},"203":{"loc":{"start":{"line":3,"column":17668},"end":{"line":3,"column":17716}},"type":"cond-expr","locations":[{"start":{"line":3,"column":17683},"end":{"line":3,"column":17691}},{"start":{"line":3,"column":17692},"end":{"line":3,"column":17716}}],"line":3},"204":{"loc":{"start":{"line":3,"column":17692},"end":{"line":3,"column":17716}},"type":"binary-expr","locations":[{"start":{"line":3,"column":17692},"end":{"line":3,"column":17706}},{"start":{"line":3,"column":17708},"end":{"line":3,"column":17716}}],"line":3},"205":{"loc":{"start":{"line":3,"column":17754},"end":{"line":3,"column":17812}},"type":"binary-expr","locations":[{"start":{"line":3,"column":17754},"end":{"line":3,"column":17760}},{"start":{"line":3,"column":17763},"end":{"line":3,"column":17811}}],"line":3},"206":{"loc":{"start":{"line":3,"column":17870},"end":{"line":3,"column":17900}},"type":"cond-expr","locations":[{"start":{"line":3,"column":17874},"end":{"line":3,"column":17897}},{"start":{"line":3,"column":17898},"end":{"line":3,"column":17900}}],"line":3},"207":{"loc":{"start":{"line":3,"column":17934},"end":{"line":3,"column":18366}},"type":"if","locations":[{"start":{"line":3,"column":17934},"end":{"line":3,"column":18366}},{"start":{"line":3,"column":17934},"end":{"line":3,"column":18366}}],"line":3},"208":{"loc":{"start":{"line":3,"column":17937},"end":{"line":3,"column":17977}},"type":"binary-expr","locations":[{"start":{"line":3,"column":17937},"end":{"line":3,"column":17953}},{"start":{"line":3,"column":17955},"end":{"line":3,"column":17963}},{"start":{"line":3,"column":17965},"end":{"line":3,"column":17977}}],"line":3},"209":{"loc":{"start":{"line":3,"column":18175},"end":{"line":3,"column":18199}},"type":"cond-expr","locations":[{"start":{"line":3,"column":18177},"end":{"line":3,"column":18191}},{"start":{"line":3,"column":18192},"end":{"line":3,"column":18199}}],"line":3},"210":{"loc":{"start":{"line":3,"column":18254},"end":{"line":3,"column":18336}},"type":"binary-expr","locations":[{"start":{"line":3,"column":18254},"end":{"line":3,"column":18261}},{"start":{"line":3,"column":18264},"end":{"line":3,"column":18335}}],"line":3},"211":{"loc":{"start":{"line":3,"column":18386},"end":{"line":3,"column":18436}},"type":"binary-expr","locations":[{"start":{"line":3,"column":18386},"end":{"line":3,"column":18403}},{"start":{"line":3,"column":18405},"end":{"line":3,"column":18436}}],"line":3},"212":{"loc":{"start":{"line":3,"column":18579},"end":{"line":3,"column":18646}},"type":"binary-expr","locations":[{"start":{"line":3,"column":18579},"end":{"line":3,"column":18590}},{"start":{"line":3,"column":18592},"end":{"line":3,"column":18593}},{"start":{"line":3,"column":18595},"end":{"line":3,"column":18646}}],"line":3},"213":{"loc":{"start":{"line":3,"column":19030},"end":{"line":3,"column":19045}},"type":"cond-expr","locations":[{"start":{"line":3,"column":19042},"end":{"line":3,"column":19043}},{"start":{"line":3,"column":19044},"end":{"line":3,"column":19045}}],"line":3},"214":{"loc":{"start":{"line":3,"column":19089},"end":{"line":3,"column":19104}},"type":"cond-expr","locations":[{"start":{"line":3,"column":19101},"end":{"line":3,"column":19102}},{"start":{"line":3,"column":19103},"end":{"line":3,"column":19104}}],"line":3},"215":{"loc":{"start":{"line":3,"column":19162},"end":{"line":3,"column":19472}},"type":"if","locations":[{"start":{"line":3,"column":19162},"end":{"line":3,"column":19472}},{"start":{"line":3,"column":19162},"end":{"line":3,"column":19472}}],"line":3},"216":{"loc":{"start":{"line":3,"column":19212},"end":{"line":3,"column":19238}},"type":"binary-expr","locations":[{"start":{"line":3,"column":19212},"end":{"line":3,"column":19220}},{"start":{"line":3,"column":19223},"end":{"line":3,"column":19237}}],"line":3},"217":{"loc":{"start":{"line":3,"column":19255},"end":{"line":3,"column":19456}},"type":"binary-expr","locations":[{"start":{"line":3,"column":19255},"end":{"line":3,"column":19271}},{"start":{"line":3,"column":19274},"end":{"line":3,"column":19455}}],"line":3},"218":{"loc":{"start":{"line":3,"column":19655},"end":{"line":3,"column":19895}},"type":"if","locations":[{"start":{"line":3,"column":19655},"end":{"line":3,"column":19895}},{"start":{"line":3,"column":19655},"end":{"line":3,"column":19895}}],"line":3},"219":{"loc":{"start":{"line":3,"column":19715},"end":{"line":3,"column":19729}},"type":"cond-expr","locations":[{"start":{"line":3,"column":19724},"end":{"line":3,"column":19727}},{"start":{"line":3,"column":19728},"end":{"line":3,"column":19729}}],"line":3},"220":{"loc":{"start":{"line":3,"column":19730},"end":{"line":3,"column":19894}},"type":"binary-expr","locations":[{"start":{"line":3,"column":19730},"end":{"line":3,"column":19733}},{"start":{"line":3,"column":19736},"end":{"line":3,"column":19893}}],"line":3},"221":{"loc":{"start":{"line":3,"column":20092},"end":{"line":3,"column":20530}},"type":"if","locations":[{"start":{"line":3,"column":20092},"end":{"line":3,"column":20530}},{"start":{"line":3,"column":20092},"end":{"line":3,"column":20530}}],"line":3},"222":{"loc":{"start":{"line":3,"column":20157},"end":{"line":3,"column":20212}},"type":"cond-expr","locations":[{"start":{"line":3,"column":20173},"end":{"line":3,"column":20199}},{"start":{"line":3,"column":20200},"end":{"line":3,"column":20212}}],"line":3},"223":{"loc":{"start":{"line":3,"column":20270},"end":{"line":3,"column":20319}},"type":"cond-expr","locations":[{"start":{"line":3,"column":20286},"end":{"line":3,"column":20309}},{"start":{"line":3,"column":20310},"end":{"line":3,"column":20319}}],"line":3},"224":{"loc":{"start":{"line":3,"column":20338},"end":{"line":3,"column":20402}},"type":"binary-expr","locations":[{"start":{"line":3,"column":20339},"end":{"line":3,"column":20363}},{"start":{"line":3,"column":20365},"end":{"line":3,"column":20389}},{"start":{"line":3,"column":20393},"end":{"line":3,"column":20401}}],"line":3},"225":{"loc":{"start":{"line":3,"column":20437},"end":{"line":3,"column":20525}},"type":"binary-expr","locations":[{"start":{"line":3,"column":20437},"end":{"line":3,"column":20438}},{"start":{"line":3,"column":20440},"end":{"line":3,"column":20443}},{"start":{"line":3,"column":20446},"end":{"line":3,"column":20524}}],"line":3},"226":{"loc":{"start":{"line":3,"column":20556},"end":{"line":3,"column":20562}},"type":"binary-expr","locations":[{"start":{"line":3,"column":20556},"end":{"line":3,"column":20557}},{"start":{"line":3,"column":20559},"end":{"line":3,"column":20562}}],"line":3},"227":{"loc":{"start":{"line":3,"column":20643},"end":{"line":3,"column":20680}},"type":"binary-expr","locations":[{"start":{"line":3,"column":20643},"end":{"line":3,"column":20644}},{"start":{"line":3,"column":20646},"end":{"line":3,"column":20680}}],"line":3},"228":{"loc":{"start":{"line":3,"column":20690},"end":{"line":3,"column":20717}},"type":"binary-expr","locations":[{"start":{"line":3,"column":20690},"end":{"line":3,"column":20703}},{"start":{"line":3,"column":20705},"end":{"line":3,"column":20717}}],"line":3}},"s":{"0":0,"1":0,"2":0,"3":0,"4":0,"5":0,"6":0,"7":0,"8":0,"9":0,"10":0,"11":0,"12":0,"13":0,"14":0,"15":0,"16":0,"17":0,"18":0,"19":0,"20":0,"21":0,"22":0,"23":0,"24":0,"25":0,"26":0,"27":0,"28":0,"29":0,"30":0,"31":0,"32":0,"33":0,"34":0,"35":0,"36":0,"37":0,"38":0,"39":0,"40":0,"41":0,"42":0,"43":0,"44":0,"45":0,"46":0,"47":0,"48":0,"49":0,"50":0,"51":0,"52":0,"53":0,"54":0,"55":0,"56":0,"57":0,"58":0,"59":0,"60":0,"61":0,"62":0,"63":0,"64":0,"65":0,"66":0,"67":0,"68":0,"69":0,"70":0,"71":0,"72":0,"73":0,"74":0,"75":0,"76":0,"77":0,"78":0,"79":0,"80":0,"81":0,"82":0,"83":0,"84":0,"85":0,"86":0,"87":0,"88":0,"89":0,"90":0,"91":0,"92":0,"93":0,"94":0,"95":0,"96":0,"97":0,"98":0,"99":0,"100":0,"101":0,"102":0,"103":0,"104":0,"105":0,"106":0,"107":0,"108":0,"109":0,"110":0,"111":0,"112":0,"113":0,"114":0,"115":0,"116":0,"117":0,"118":0,"119":0,"120":0,"121":0,"122":0,"123":0,"124":0,"125":0,"126":0,"127":0,"128":0,"129":0,"130":0,"131":0,"132":0,"133":0,"134":0,"135":0,"136":0,"137":0,"138":0,"139":0,"140":0,"141":0,"142":0,"143":0,"144":0,"145":0,"146":0,"147":0,"148":0,"149":0,"150":0,"151":0,"152":0,"153":0,"154":0,"155":0,"156":0,"157":0,"158":0,"159":0,"160":0,"161":0,"162":0,"163":0,"164":0,"165":0,"166":0,"167":0,"168":0,"169":0,"170":0,"171":0,"172":0,"173":0,"174":0,"175":0,"176":0,"177":0,"178":0,"179":0,"180":0,"181":0,"182":0,"183":0,"184":0,"185":0,"186":0,"187":0,"188":0,"189":0,"190":0,"191":0,"192":0,"193":0,"194":0,"195":0,"196":0,"197":0,"198":0,"199":0,"200":0,"201":0,"202":0,"203":0,"204":0,"205":0,"206":0,"207":0,"208":0,"209":0,"210":0,"211":0,"212":0,"213":0,"214":0,"215":0,"216":0,"217":0,"218":0,"219":0,"220":0,"221":0,"222":0,"223":0,"224":0,"225":0,"226":0,"227":0,"228":0,"229":0,"230":0,"231":0,"232":0,"233":0,"234":0,"235":0,"236":0,"237":0,"238":0,"239":0,"240":0,"241":0,"242":0,"243":0,"244":0,"245":0,"246":0,"247":0,"248":0,"249":0,"250":0,"251":0,"252":0,"253":0,"254":0,"255":0,"256":0,"257":0,"258":0,"259":0,"260":0,"261":0,"262":0,"263":0,"264":0,"265":0,"266":0,"267":0,"268":0,"269":0,"270":0,"271":0,"272":0,"273":0,"274":0,"275":0,"276":0,"277":0,"278":0,"279":0,"280":0,"281":0,"282":0,"283":0,"284":0,"285":0,"286":0,"287":0,"288":0,"289":0,"290":0,"291":0,"292":0,"293":0,"294":0,"295":0,"296":0,"297":0,"298":0,"299":0,"300":0,"301":0,"302":0,"303":0,"304":0,"305":0,"306":0,"307":0,"308":0,"309":0,"310":0,"311":0,"312":0,"313":0,"314":0,"315":0,"316":0,"317":0,"318":0,"319":0,"320":0,"321":0,"322":0,"323":0,"324":0,"325":0,"326":0,"327":0,"328":0,"329":0,"330":0,"331":0,"332":0,"333":0,"334":0,"335":0,"336":0,"337":0,"338":0,"339":0,"340":0,"341":0,"342":0,"343":0,"344":0,"345":0,"346":0,"347":0,"348":0,"349":0,"350":0,"351":0,"352":0,"353":0,"354":0,"355":0,"356":0,"357":0,"358":0,"359":0,"360":0,"361":0,"362":0,"363":0,"364":0},"f":{"0":0,"1":0,"2":0,"3":0,"4":0,"5":0,"6":0,"7":0,"8":0,"9":0,"10":0,"11":0,"12":0,"13":0,"14":0,"15":0,"16":0,"17":0,"18":0,"19":0,"20":0,"21":0,"22":0,"23":0,"24":0,"25":0,"26":0,"27":0,"28":0,"29":0,"30":0,"31":0,"32":0,"33":0,"34":0,"35":0,"36":0,"37":0,"38":0,"39":0,"40":0,"41":0,"42":0,"43":0,"44":0,"45":0,"46":0,"47":0,"48":0,"49":0,"50":0,"51":0,"52":0,"53":0,"54":0,"55":0,"56":0,"57":0,"58":0,"59":0,"60":0,"61":0,"62":0,"63":0,"64":0,"65":0,"66":0,"67":0,"68":0,"69":0,"70":0,"71":0,"72":0,"73":0,"74":0,"75":0,"76":0,"77":0,"78":0,"79":0,"80":0,"81":0,"82":0,"83":0,"84":0,"85":0,"86":0,"87":0,"88":0,"89":0,"90":0,"91":0,"92":0,"93":0,"94":0,"95":0,"96":0,"97":0,"98":0,"99":0,"100":0,"101":0,"102":0,"103":0,"104":0,"105":0,"106":0,"107":0,"108":0,"109":0,"110":0,"111":0,"112":0,"113":0,"114":0,"115":0,"116":0,"117":0,"118":0,"119":0,"120":0},"b":{"0":[0,0],"1":[0,0],"2":[0,0],"3":[0,0],"4":[0,0],"5":[0,0],"6":[0,0],"7":[0,0,0],"8":[0,0],"9":[0,0],"10":[0,0],"11":[0,0],"12":[0,0,0],"13":[0,0],"14":[0,0],"15":[0,0],"16":[0,0],"17":[0,0],"18":[0,0],"19":[0,0],"20":[0,0],"21":[0,0],"22":[0,0],"23":[0,0],"24":[0,0],"25":[0,0],"26":[0,0],"27":[0,0],"28":[0,0],"29":[0,0],"30":[0,0],"31":[0,0],"32":[0,0,0,0],"33":[0,0],"34":[0,0],"35":[0,0],"36":[0,0],"37":[0,0],"38":[0,0],"39":[0,0],"40":[0,0],"41":[0,0],"42":[0,0],"43":[0,0],"44":[0,0],"45":[0,0],"46":[0,0],"47":[0,0,0],"48":[0,0],"49":[0,0],"50":[0,0],"51":[0,0,0,0,0],"52":[0,0],"53":[0,0],"54":[0,0],"55":[0,0],"56":[0,0],"57":[0,0],"58":[0,0],"59":[0,0],"60":[0,0],"61":[0,0],"62":[0,0,0],"63":[0,0],"64":[0,0],"65":[0,0,0],"66":[0,0],"67":[0,0],"68":[0,0],"69":[0,0],"70":[0,0],"71":[0,0,0],"72":[0,0],"73":[0,0],"74":[0,0],"75":[0,0],"76":[0,0,0,0],"77":[0,0],"78":[0,0],"79":[0,0],"80":[0,0],"81":[0,0],"82":[0,0],"83":[0,0],"84":[0,0],"85":[0,0],"86":[0,0],"87":[0,0],"88":[0,0,0],"89":[0,0],"90":[0,0],"91":[0,0],"92":[0,0],"93":[0,0,0,0],"94":[0,0],"95":[0,0],"96":[0,0],"97":[0,0],"98":[0,0],"99":[0,0],"100":[0,0],"101":[0,0],"102":[0,0],"103":[0,0],"104":[0,0],"105":[0,0],"106":[0,0],"107":[0,0],"108":[0,0],"109":[0,0],"110":[0,0],"111":[0,0],"112":[0,0],"113":[0,0],"114":[0,0],"115":[0,0],"116":[0,0],"117":[0,0],"118":[0,0],"119":[0,0],"120":[0,0],"121":[0,0],"122":[0,0],"123":[0,0],"124":[0,0],"125":[0,0],"126":[0,0],"127":[0,0],"128":[0,0],"129":[0,0,0],"130":[0,0],"131":[0,0],"132":[0,0],"133":[0,0],"134":[0,0],"135":[0,0],"136":[0,0],"137":[0,0],"138":[0,0],"139":[0,0],"140":[0,0,0],"141":[0,0],"142":[0,0],"143":[0,0],"144":[0,0,0],"145":[0,0],"146":[0,0],"147":[0,0],"148":[0,0],"149":[0,0],"150":[0,0],"151":[0,0],"152":[0,0],"153":[0,0],"154":[0,0],"155":[0,0],"156":[0,0],"157":[0,0],"158":[0,0],"159":[0,0],"160":[0,0],"161":[0,0],"162":[0,0],"163":[0,0],"164":[0,0],"165":[0,0],"166":[0,0],"167":[0,0],"168":[0,0],"169":[0,0],"170":[0,0],"171":[0,0],"172":[0,0],"173":[0,0],"174":[0,0],"175":[0,0],"176":[0,0],"177":[0,0],"178":[0,0],"179":[0,0],"180":[0,0],"181":[0,0],"182":[0,0],"183":[0,0],"184":[0,0],"185":[0,0],"186":[0,0],"187":[0,0],"188":[0,0],"189":[0,0],"190":[0,0],"191":[0,0],"192":[0,0],"193":[0,0],"194":[0,0],"195":[0,0],"196":[0,0],"197":[0,0],"198":[0,0],"199":[0,0],"200":[0,0],"201":[0,0],"202":[0,0],"203":[0,0],"204":[0,0],"205":[0,0],"206":[0,0],"207":[0,0],"208":[0,0,0],"209":[0,0],"210":[0,0],"211":[0,0],"212":[0,0,0],"213":[0,0],"214":[0,0],"215":[0,0],"216":[0,0],"217":[0,0],"218":[0,0],"219":[0,0],"220":[0,0],"221":[0,0],"222":[0,0],"223":[0,0],"224":[0,0,0],"225":[0,0,0],"226":[0,0],"227":[0,0],"228":[0,0]}}}