TN:
SF:c:\Users\Leo\Desktop\Portfolio\ecblivedrop\shared\dist\js\require\jquery.magnific-popup.min.js
FN:3,(anonymous_0)
FN:3,(anonymous_1)
FN:3,(anonymous_2)
FN:3,(anonymous_3)
FN:3,(anonymous_4)
FN:3,(anonymous_5)
FN:3,(anonymous_6)
FN:3,(anonymous_7)
FN:3,(anonymous_8)
FN:3,(anonymous_9)
FN:3,(anonymous_10)
FN:3,(anonymous_11)
FN:3,(anonymous_12)
FN:3,(anonymous_13)
FN:3,(anonymous_14)
FN:3,(anonymous_15)
FN:3,(anonymous_16)
FN:3,(anonymous_17)
FN:3,(anonymous_18)
FN:3,(anonymous_19)
FN:3,(anonymous_20)
FN:3,(anonymous_21)
FN:3,(anonymous_22)
FN:3,(anonymous_23)
FN:3,(anonymous_24)
FN:3,(anonymous_25)
FN:3,(anonymous_26)
FN:3,(anonymous_27)
FN:3,(anonymous_28)
FN:3,(anonymous_29)
FN:3,(anonymous_30)
FN:3,(anonymous_31)
FN:3,(anonymous_32)
FN:3,(anonymous_33)
FN:3,(anonymous_34)
FN:3,(anonymous_35)
FN:3,(anonymous_36)
FN:3,(anonymous_37)
FN:3,(anonymous_38)
FN:3,(anonymous_39)
FN:3,(anonymous_40)
FN:3,(anonymous_41)
FN:3,(anonymous_42)
FN:3,(anonymous_43)
FN:3,(anonymous_44)
FN:3,(anonymous_45)
FN:3,(anonymous_46)
FN:3,(anonymous_47)
FN:3,(anonymous_48)
FN:3,(anonymous_49)
FN:3,(anonymous_50)
FN:3,(anonymous_51)
FN:3,(anonymous_52)
FN:3,(anonymous_53)
FN:3,(anonymous_54)
FN:3,(anonymous_55)
FN:3,(anonymous_56)
FN:3,(anonymous_57)
FN:3,(anonymous_58)
FN:3,(anonymous_59)
FN:3,(anonymous_60)
FN:3,(anonymous_61)
FN:3,(anonymous_62)
FN:3,(anonymous_63)
FN:3,(anonymous_64)
FN:3,(anonymous_65)
FN:3,(anonymous_66)
FN:3,(anonymous_67)
FN:3,(anonymous_68)
FN:3,(anonymous_69)
FN:3,(anonymous_70)
FN:3,(anonymous_71)
FN:3,(anonymous_72)
FN:3,(anonymous_73)
FN:3,(anonymous_74)
FN:3,(anonymous_75)
FN:3,(anonymous_76)
FN:3,(anonymous_77)
FN:3,(anonymous_78)
FN:3,(anonymous_79)
FN:3,(anonymous_80)
FN:3,(anonymous_81)
FN:3,(anonymous_82)
FN:3,(anonymous_83)
FN:3,(anonymous_84)
FN:3,(anonymous_85)
FN:3,(anonymous_86)
FN:3,(anonymous_87)
FN:3,(anonymous_88)
FN:3,(anonymous_89)
FN:3,(anonymous_90)
FN:3,(anonymous_91)
FN:3,(anonymous_92)
FN:3,(anonymous_93)
FN:3,(anonymous_94)
FN:3,(anonymous_95)
FN:3,(anonymous_96)
FN:3,(anonymous_97)
FN:3,(anonymous_98)
FN:3,(anonymous_99)
FN:3,(anonymous_100)
FN:3,(anonymous_101)
FN:3,(anonymous_102)
FN:3,(anonymous_103)
FN:3,(anonymous_104)
FN:3,(anonymous_105)
FN:3,(anonymous_106)
FN:3,(anonymous_107)
FN:3,(anonymous_108)
FN:3,(anonymous_109)
FN:3,(anonymous_110)
FN:3,(anonymous_111)
FN:3,(anonymous_112)
FN:3,(anonymous_113)
FN:3,(anonymous_114)
FN:3,(anonymous_115)
FN:3,(anonymous_116)
FN:3,(anonymous_117)
FN:3,(anonymous_118)
FN:3,(anonymous_119)
FN:3,(anonymous_120)
FNF:121
FNH:0
FNDA:0,(anonymous_0)
FNDA:0,(anonymous_1)
FNDA:0,(anonymous_2)
FNDA:0,(anonymous_3)
FNDA:0,(anonymous_4)
FNDA:0,(anonymous_5)
FNDA:0,(anonymous_6)
FNDA:0,(anonymous_7)
FNDA:0,(anonymous_8)
FNDA:0,(anonymous_9)
FNDA:0,(anonymous_10)
FNDA:0,(anonymous_11)
FNDA:0,(anonymous_12)
FNDA:0,(anonymous_13)
FNDA:0,(anonymous_14)
FNDA:0,(anonymous_15)
FNDA:0,(anonymous_16)
FNDA:0,(anonymous_17)
FNDA:0,(anonymous_18)
FNDA:0,(anonymous_19)
FNDA:0,(anonymous_20)
FNDA:0,(anonymous_21)
FNDA:0,(anonymous_22)
FNDA:0,(anonymous_23)
FNDA:0,(anonymous_24)
FNDA:0,(anonymous_25)
FNDA:0,(anonymous_26)
FNDA:0,(anonymous_27)
FNDA:0,(anonymous_28)
FNDA:0,(anonymous_29)
FNDA:0,(anonymous_30)
FNDA:0,(anonymous_31)
FNDA:0,(anonymous_32)
FNDA:0,(anonymous_33)
FNDA:0,(anonymous_34)
FNDA:0,(anonymous_35)
FNDA:0,(anonymous_36)
FNDA:0,(anonymous_37)
FNDA:0,(anonymous_38)
FNDA:0,(anonymous_39)
FNDA:0,(anonymous_40)
FNDA:0,(anonymous_41)
FNDA:0,(anonymous_42)
FNDA:0,(anonymous_43)
FNDA:0,(anonymous_44)
FNDA:0,(anonymous_45)
FNDA:0,(anonymous_46)
FNDA:0,(anonymous_47)
FNDA:0,(anonymous_48)
FNDA:0,(anonymous_49)
FNDA:0,(anonymous_50)
FNDA:0,(anonymous_51)
FNDA:0,(anonymous_52)
FNDA:0,(anonymous_53)
FNDA:0,(anonymous_54)
FNDA:0,(anonymous_55)
FNDA:0,(anonymous_56)
FNDA:0,(anonymous_57)
FNDA:0,(anonymous_58)
FNDA:0,(anonymous_59)
FNDA:0,(anonymous_60)
FNDA:0,(anonymous_61)
FNDA:0,(anonymous_62)
FNDA:0,(anonymous_63)
FNDA:0,(anonymous_64)
FNDA:0,(anonymous_65)
FNDA:0,(anonymous_66)
FNDA:0,(anonymous_67)
FNDA:0,(anonymous_68)
FNDA:0,(anonymous_69)
FNDA:0,(anonymous_70)
FNDA:0,(anonymous_71)
FNDA:0,(anonymous_72)
FNDA:0,(anonymous_73)
FNDA:0,(anonymous_74)
FNDA:0,(anonymous_75)
FNDA:0,(anonymous_76)
FNDA:0,(anonymous_77)
FNDA:0,(anonymous_78)
FNDA:0,(anonymous_79)
FNDA:0,(anonymous_80)
FNDA:0,(anonymous_81)
FNDA:0,(anonymous_82)
FNDA:0,(anonymous_83)
FNDA:0,(anonymous_84)
FNDA:0,(anonymous_85)
FNDA:0,(anonymous_86)
FNDA:0,(anonymous_87)
FNDA:0,(anonymous_88)
FNDA:0,(anonymous_89)
FNDA:0,(anonymous_90)
FNDA:0,(anonymous_91)
FNDA:0,(anonymous_92)
FNDA:0,(anonymous_93)
FNDA:0,(anonymous_94)
FNDA:0,(anonymous_95)
FNDA:0,(anonymous_96)
FNDA:0,(anonymous_97)
FNDA:0,(anonymous_98)
FNDA:0,(anonymous_99)
FNDA:0,(anonymous_100)
FNDA:0,(anonymous_101)
FNDA:0,(anonymous_102)
FNDA:0,(anonymous_103)
FNDA:0,(anonymous_104)
FNDA:0,(anonymous_105)
FNDA:0,(anonymous_106)
FNDA:0,(anonymous_107)
FNDA:0,(anonymous_108)
FNDA:0,(anonymous_109)
FNDA:0,(anonymous_110)
FNDA:0,(anonymous_111)
FNDA:0,(anonymous_112)
FNDA:0,(anonymous_113)
FNDA:0,(anonymous_114)
FNDA:0,(anonymous_115)
FNDA:0,(anonymous_116)
FNDA:0,(anonymous_117)
FNDA:0,(anonymous_118)
FNDA:0,(anonymous_119)
FNDA:0,(anonymous_120)
DA:3,0
LF:1
LH:0
BRDA:3,0,0,0
BRDA:3,0,1,0
BRDA:3,1,0,0
BRDA:3,1,1,0
BRDA:3,2,0,0
BRDA:3,2,1,0
BRDA:3,3,0,0
BRDA:3,3,1,0
BRDA:3,4,0,0
BRDA:3,4,1,0
BRDA:3,5,0,0
BRDA:3,5,1,0
BRDA:3,6,0,0
BRDA:3,6,1,0
BRDA:3,7,0,0
BRDA:3,7,1,0
BRDA:3,7,2,0
BRDA:3,8,0,0
BRDA:3,8,1,0
BRDA:3,9,0,0
BRDA:3,9,1,0
BRDA:3,10,0,0
BRDA:3,10,1,0
BRDA:3,11,0,0
BRDA:3,11,1,0
BRDA:3,12,0,0
BRDA:3,12,1,0
BRDA:3,12,2,0
BRDA:3,13,0,0
BRDA:3,13,1,0
BRDA:3,14,0,0
BRDA:3,14,1,0
BRDA:3,15,0,0
BRDA:3,15,1,0
BRDA:3,16,0,0
BRDA:3,16,1,0
BRDA:3,17,0,0
BRDA:3,17,1,0
BRDA:3,18,0,0
BRDA:3,18,1,0
BRDA:3,19,0,0
BRDA:3,19,1,0
BRDA:3,20,0,0
BRDA:3,20,1,0
BRDA:3,21,0,0
BRDA:3,21,1,0
BRDA:3,22,0,0
BRDA:3,22,1,0
BRDA:3,23,0,0
BRDA:3,23,1,0
BRDA:3,24,0,0
BRDA:3,24,1,0
BRDA:3,25,0,0
BRDA:3,25,1,0
BRDA:3,26,0,0
BRDA:3,26,1,0
BRDA:3,27,0,0
BRDA:3,27,1,0
BRDA:3,28,0,0
BRDA:3,28,1,0
BRDA:3,29,0,0
BRDA:3,29,1,0
BRDA:3,30,0,0
BRDA:3,30,1,0
BRDA:3,31,0,0
BRDA:3,31,1,0
BRDA:3,32,0,0
BRDA:3,32,1,0
BRDA:3,32,2,0
BRDA:3,32,3,0
BRDA:3,33,0,0
BRDA:3,33,1,0
BRDA:3,34,0,0
BRDA:3,34,1,0
BRDA:3,35,0,0
BRDA:3,35,1,0
BRDA:3,36,0,0
BRDA:3,36,1,0
BRDA:3,37,0,0
BRDA:3,37,1,0
BRDA:3,38,0,0
BRDA:3,38,1,0
BRDA:3,39,0,0
BRDA:3,39,1,0
BRDA:3,40,0,0
BRDA:3,40,1,0
BRDA:3,41,0,0
BRDA:3,41,1,0
BRDA:3,42,0,0
BRDA:3,42,1,0
BRDA:3,43,0,0
BRDA:3,43,1,0
BRDA:3,44,0,0
BRDA:3,44,1,0
BRDA:3,45,0,0
BRDA:3,45,1,0
BRDA:3,46,0,0
BRDA:3,46,1,0
BRDA:3,47,0,0
BRDA:3,47,1,0
BRDA:3,47,2,0
BRDA:3,48,0,0
BRDA:3,48,1,0
BRDA:3,49,0,0
BRDA:3,49,1,0
BRDA:3,50,0,0
BRDA:3,50,1,0
BRDA:3,51,0,0
BRDA:3,51,1,0
BRDA:3,51,2,0
BRDA:3,51,3,0
BRDA:3,51,4,0
BRDA:3,52,0,0
BRDA:3,52,1,0
BRDA:3,53,0,0
BRDA:3,53,1,0
BRDA:3,54,0,0
BRDA:3,54,1,0
BRDA:3,55,0,0
BRDA:3,55,1,0
BRDA:3,56,0,0
BRDA:3,56,1,0
BRDA:3,57,0,0
BRDA:3,57,1,0
BRDA:3,58,0,0
BRDA:3,58,1,0
BRDA:3,59,0,0
BRDA:3,59,1,0
BRDA:3,60,0,0
BRDA:3,60,1,0
BRDA:3,61,0,0
BRDA:3,61,1,0
BRDA:3,62,0,0
BRDA:3,62,1,0
BRDA:3,62,2,0
BRDA:3,63,0,0
BRDA:3,63,1,0
BRDA:3,64,0,0
BRDA:3,64,1,0
BRDA:3,65,0,0
BRDA:3,65,1,0
BRDA:3,65,2,0
BRDA:3,66,0,0
BRDA:3,66,1,0
BRDA:3,67,0,0
BRDA:3,67,1,0
BRDA:3,68,0,0
BRDA:3,68,1,0
BRDA:3,69,0,0
BRDA:3,69,1,0
BRDA:3,70,0,0
BRDA:3,70,1,0
BRDA:3,71,0,0
BRDA:3,71,1,0
BRDA:3,71,2,0
BRDA:3,72,0,0
BRDA:3,72,1,0
BRDA:3,73,0,0
BRDA:3,73,1,0
BRDA:3,74,0,0
BRDA:3,74,1,0
BRDA:3,75,0,0
BRDA:3,75,1,0
BRDA:3,76,0,0
BRDA:3,76,1,0
BRDA:3,76,2,0
BRDA:3,76,3,0
BRDA:3,77,0,0
BRDA:3,77,1,0
BRDA:3,78,0,0
BRDA:3,78,1,0
BRDA:3,79,0,0
BRDA:3,79,1,0
BRDA:3,80,0,0
BRDA:3,80,1,0
BRDA:3,81,0,0
BRDA:3,81,1,0
BRDA:3,82,0,0
BRDA:3,82,1,0
BRDA:3,83,0,0
BRDA:3,83,1,0
BRDA:3,84,0,0
BRDA:3,84,1,0
BRDA:3,85,0,0
BRDA:3,85,1,0
BRDA:3,86,0,0
BRDA:3,86,1,0
BRDA:3,87,0,0
BRDA:3,87,1,0
BRDA:3,88,0,0
BRDA:3,88,1,0
BRDA:3,88,2,0
BRDA:3,89,0,0
BRDA:3,89,1,0
BRDA:3,90,0,0
BRDA:3,90,1,0
BRDA:3,91,0,0
BRDA:3,91,1,0
BRDA:3,92,0,0
BRDA:3,92,1,0
BRDA:3,93,0,0
BRDA:3,93,1,0
BRDA:3,93,2,0
BRDA:3,93,3,0
BRDA:3,94,0,0
BRDA:3,94,1,0
BRDA:3,95,0,0
BRDA:3,95,1,0
BRDA:3,96,0,0
BRDA:3,96,1,0
BRDA:3,97,0,0
BRDA:3,97,1,0
BRDA:3,98,0,0
BRDA:3,98,1,0
BRDA:3,99,0,0
BRDA:3,99,1,0
BRDA:3,100,0,0
BRDA:3,100,1,0
BRDA:3,101,0,0
BRDA:3,101,1,0
BRDA:3,102,0,0
BRDA:3,102,1,0
BRDA:3,103,0,0
BRDA:3,103,1,0
BRDA:3,104,0,0
BRDA:3,104,1,0
BRDA:3,105,0,0
BRDA:3,105,1,0
BRDA:3,106,0,0
BRDA:3,106,1,0
BRDA:3,107,0,0
BRDA:3,107,1,0
BRDA:3,108,0,0
BRDA:3,108,1,0
BRDA:3,109,0,0
BRDA:3,109,1,0
BRDA:3,110,0,0
BRDA:3,110,1,0
BRDA:3,111,0,0
BRDA:3,111,1,0
BRDA:3,112,0,0
BRDA:3,112,1,0
BRDA:3,113,0,0
BRDA:3,113,1,0
BRDA:3,114,0,0
BRDA:3,114,1,0
BRDA:3,115,0,0
BRDA:3,115,1,0
BRDA:3,116,0,0
BRDA:3,116,1,0
BRDA:3,117,0,0
BRDA:3,117,1,0
BRDA:3,118,0,0
BRDA:3,118,1,0
BRDA:3,119,0,0
BRDA:3,119,1,0
BRDA:3,120,0,0
BRDA:3,120,1,0
BRDA:3,121,0,0
BRDA:3,121,1,0
BRDA:3,122,0,0
BRDA:3,122,1,0
BRDA:3,123,0,0
BRDA:3,123,1,0
BRDA:3,124,0,0
BRDA:3,124,1,0
BRDA:3,125,0,0
BRDA:3,125,1,0
BRDA:3,126,0,0
BRDA:3,126,1,0
BRDA:3,127,0,0
BRDA:3,127,1,0
BRDA:3,128,0,0
BRDA:3,128,1,0
BRDA:3,129,0,0
BRDA:3,129,1,0
BRDA:3,129,2,0
BRDA:3,130,0,0
BRDA:3,130,1,0
BRDA:3,131,0,0
BRDA:3,131,1,0
BRDA:3,132,0,0
BRDA:3,132,1,0
BRDA:3,133,0,0
BRDA:3,133,1,0
BRDA:3,134,0,0
BRDA:3,134,1,0
BRDA:3,135,0,0
BRDA:3,135,1,0
BRDA:3,136,0,0
BRDA:3,136,1,0
BRDA:3,137,0,0
BRDA:3,137,1,0
BRDA:3,138,0,0
BRDA:3,138,1,0
BRDA:3,139,0,0
BRDA:3,139,1,0
BRDA:3,140,0,0
BRDA:3,140,1,0
BRDA:3,140,2,0
BRDA:3,141,0,0
BRDA:3,141,1,0
BRDA:3,142,0,0
BRDA:3,142,1,0
BRDA:3,143,0,0
BRDA:3,143,1,0
BRDA:3,144,0,0
BRDA:3,144,1,0
BRDA:3,144,2,0
BRDA:3,145,0,0
BRDA:3,145,1,0
BRDA:3,146,0,0
BRDA:3,146,1,0
BRDA:3,147,0,0
BRDA:3,147,1,0
BRDA:3,148,0,0
BRDA:3,148,1,0
BRDA:3,149,0,0
BRDA:3,149,1,0
BRDA:3,150,0,0
BRDA:3,150,1,0
BRDA:3,151,0,0
BRDA:3,151,1,0
BRDA:3,152,0,0
BRDA:3,152,1,0
BRDA:3,153,0,0
BRDA:3,153,1,0
BRDA:3,154,0,0
BRDA:3,154,1,0
BRDA:3,155,0,0
BRDA:3,155,1,0
BRDA:3,156,0,0
BRDA:3,156,1,0
BRDA:3,157,0,0
BRDA:3,157,1,0
BRDA:3,158,0,0
BRDA:3,158,1,0
BRDA:3,159,0,0
BRDA:3,159,1,0
BRDA:3,160,0,0
BRDA:3,160,1,0
BRDA:3,161,0,0
BRDA:3,161,1,0
BRDA:3,162,0,0
BRDA:3,162,1,0
BRDA:3,163,0,0
BRDA:3,163,1,0
BRDA:3,164,0,0
BRDA:3,164,1,0
BRDA:3,165,0,0
BRDA:3,165,1,0
BRDA:3,166,0,0
BRDA:3,166,1,0
BRDA:3,167,0,0
BRDA:3,167,1,0
BRDA:3,168,0,0
BRDA:3,168,1,0
BRDA:3,169,0,0
BRDA:3,169,1,0
BRDA:3,170,0,0
BRDA:3,170,1,0
BRDA:3,171,0,0
BRDA:3,171,1,0
BRDA:3,172,0,0
BRDA:3,172,1,0
BRDA:3,173,0,0
BRDA:3,173,1,0
BRDA:3,174,0,0
BRDA:3,174,1,0
BRDA:3,175,0,0
BRDA:3,175,1,0
BRDA:3,176,0,0
BRDA:3,176,1,0
BRDA:3,177,0,0
BRDA:3,177,1,0
BRDA:3,178,0,0
BRDA:3,178,1,0
BRDA:3,179,0,0
BRDA:3,179,1,0
BRDA:3,180,0,0
BRDA:3,180,1,0
BRDA:3,181,0,0
BRDA:3,181,1,0
BRDA:3,182,0,0
BRDA:3,182,1,0
BRDA:3,183,0,0
BRDA:3,183,1,0
BRDA:3,184,0,0
BRDA:3,184,1,0
BRDA:3,185,0,0
BRDA:3,185,1,0
BRDA:3,186,0,0
BRDA:3,186,1,0
BRDA:3,187,0,0
BRDA:3,187,1,0
BRDA:3,188,0,0
BRDA:3,188,1,0
BRDA:3,189,0,0
BRDA:3,189,1,0
BRDA:3,190,0,0
BRDA:3,190,1,0
BRDA:3,191,0,0
BRDA:3,191,1,0
BRDA:3,192,0,0
BRDA:3,192,1,0
BRDA:3,193,0,0
BRDA:3,193,1,0
BRDA:3,194,0,0
BRDA:3,194,1,0
BRDA:3,195,0,0
BRDA:3,195,1,0
BRDA:3,196,0,0
BRDA:3,196,1,0
BRDA:3,197,0,0
BRDA:3,197,1,0
BRDA:3,198,0,0
BRDA:3,198,1,0
BRDA:3,199,0,0
BRDA:3,199,1,0
BRDA:3,200,0,0
BRDA:3,200,1,0
BRDA:3,201,0,0
BRDA:3,201,1,0
BRDA:3,202,0,0
BRDA:3,202,1,0
BRDA:3,203,0,0
BRDA:3,203,1,0
BRDA:3,204,0,0
BRDA:3,204,1,0
BRDA:3,205,0,0
BRDA:3,205,1,0
BRDA:3,206,0,0
BRDA:3,206,1,0
BRDA:3,207,0,0
BRDA:3,207,1,0
BRDA:3,208,0,0
BRDA:3,208,1,0
BRDA:3,208,2,0
BRDA:3,209,0,0
BRDA:3,209,1,0
BRDA:3,210,0,0
BRDA:3,210,1,0
BRDA:3,211,0,0
BRDA:3,211,1,0
BRDA:3,212,0,0
BRDA:3,212,1,0
BRDA:3,212,2,0
BRDA:3,213,0,0
BRDA:3,213,1,0
BRDA:3,214,0,0
BRDA:3,214,1,0
BRDA:3,215,0,0
BRDA:3,215,1,0
BRDA:3,216,0,0
BRDA:3,216,1,0
BRDA:3,217,0,0
BRDA:3,217,1,0
BRDA:3,218,0,0
BRDA:3,218,1,0
BRDA:3,219,0,0
BRDA:3,219,1,0
BRDA:3,220,0,0
BRDA:3,220,1,0
BRDA:3,221,0,0
BRDA:3,221,1,0
BRDA:3,222,0,0
BRDA:3,222,1,0
BRDA:3,223,0,0
BRDA:3,223,1,0
BRDA:3,224,0,0
BRDA:3,224,1,0
BRDA:3,224,2,0
BRDA:3,225,0,0
BRDA:3,225,1,0
BRDA:3,225,2,0
BRDA:3,226,0,0
BRDA:3,226,1,0
BRDA:3,227,0,0
BRDA:3,227,1,0
BRDA:3,228,0,0
BRDA:3,228,1,0
BRF:481
BRH:0
end_of_record
